2016-08-31 22:12:04,316 DEBUG::RCVD::(ready)
2016-08-31 22:12:05,524 DEBUG::RCVD::(ready)
2016-08-31 22:12:05,524 INFO::BRCAST::(ready)
2016-08-31 22:12:05,525 INFO::BRCAST::(total_time 30)
2016-08-31 22:12:05,525 INFO::BRCAST::(players ("KTXZA00BG9O2FK8ZWEJN" "01UOLGECJY931R20Q4Q2"))
2016-08-31 22:12:05,525 INFO::BRCAST::(words (("discover" "pics/discover.jpg") ("occurred" "pics/occured.jpg") ("quaint/strange" "pics/q.jpg") ("tower" "pics/tower.jpg") ("unchanged" "pics/unch.jpg")))
2016-08-31 22:12:05,526 INFO::BRCAST::(tick 29)
2016-08-31 22:12:05,528 DEBUG::RCVD::(guesses ("kjsvf" "jspy" "ivx" "åehhv" "fia"))
2016-08-31 22:12:05,528 INFO::BRCAST::(correct "KTXZA00BG9O2FK8ZWEJN" (0 0 0 0 0))
2016-08-31 22:12:06,027 DEBUG::RCVD::(guesses ("ccbg" "qåm" "nzill" "zmloevz" "cucjghyr"))
2016-08-31 22:12:06,028 INFO::BRCAST::(correct "KTXZA00BG9O2FK8ZWEJN" (0 0 0 0 0))
2016-08-31 22:12:06,526 INFO::BRCAST::(tick 28)
2016-08-31 22:12:06,527 DEBUG::RCVD::(guesses ("rbny" "døøoedy" "ud" "gåiiåålr" "bxvrzt"))
2016-08-31 22:12:06,528 INFO::BRCAST::(correct "KTXZA00BG9O2FK8ZWEJN" (0 0 0 0 0))
2016-08-31 22:12:07,027 DEBUG::RCVD::(guesses ("umxånclag" "smb" "rvqejesæ" "pr" "nkzwo"))
2016-08-31 22:12:07,028 INFO::BRCAST::(correct "KTXZA00BG9O2FK8ZWEJN" (0 0 0 0 0))
2016-08-31 22:12:07,526 INFO::BRCAST::(tick 27)
2016-08-31 22:12:07,527 DEBUG::RCVD::(guesses ("wszkaawæd" "pyinoi" "zbædfksrk" "cxahbb" "ghøiuk"))
2016-08-31 22:12:07,528 INFO::BRCAST::(correct "KTXZA00BG9O2FK8ZWEJN" (0 0 0 0 0))
2016-08-31 22:12:08,027 DEBUG::RCVD::(guesses ("n" "sysåhka" "xørhrrcsæ" "jåcgeaj" "dærfux"))
2016-08-31 22:12:08,028 INFO::BRCAST::(correct "KTXZA00BG9O2FK8ZWEJN" (0 0 0 0 0))
2016-08-31 22:12:08,526 INFO::BRCAST::(tick 26)
2016-08-31 22:12:08,527 DEBUG::RCVD::(guesses ("bzixdijr" "mh" "åoupøjæv" "beå" "rcjbc"))
2016-08-31 22:12:08,528 INFO::BRCAST::(correct "KTXZA00BG9O2FK8ZWEJN" (0 0 0 0 0))
2016-08-31 22:12:09,027 DEBUG::RCVD::(guesses ("ev" "wtxcvwæln" "ktwmkwh" "tdlfznhur" "åvef"))
2016-08-31 22:12:09,028 INFO::BRCAST::(correct "KTXZA00BG9O2FK8ZWEJN" (0 0 0 0 0))
2016-08-31 22:12:09,526 INFO::BRCAST::(tick 25)
2016-08-31 22:12:09,527 DEBUG::RCVD::(guesses ("ææøtxswr" "qavbhr" "ucr" "sgøgb" "bir"))
2016-08-31 22:12:09,527 INFO::BRCAST::(correct "KTXZA00BG9O2FK8ZWEJN" (0 0 0 0 0))
2016-08-31 22:12:10,027 DEBUG::RCVD::(guesses ("senqxq" "øæbbtj" "tmirsczfm" "ågj" "njhh"))
2016-08-31 22:12:10,028 INFO::BRCAST::(correct "KTXZA00BG9O2FK8ZWEJN" (0 0 0 0 0))
2016-08-31 22:12:10,526 INFO::BRCAST::(tick 24)
2016-08-31 22:12:10,527 DEBUG::RCVD::(guesses ("sejo" "egefvcwq" "kæøæv" "iær" "hxjnazåqv"))
2016-08-31 22:12:10,528 INFO::BRCAST::(correct "KTXZA00BG9O2FK8ZWEJN" (0 0 0 0 0))
2016-08-31 22:12:11,027 DEBUG::RCVD::(guesses ("po" "øæaasq" "vøk" "yhaøkøl" "n"))
2016-08-31 22:12:11,028 INFO::BRCAST::(correct "KTXZA00BG9O2FK8ZWEJN" (0 0 0 0 0))
2016-08-31 22:12:11,526 INFO::BRCAST::(tick 23)
2016-08-31 22:12:11,527 DEBUG::RCVD::(guesses ("vrzeir" "ujhæ" "nmrø" "gkf" "zqqgyu"))
2016-08-31 22:12:11,528 INFO::BRCAST::(correct "KTXZA00BG9O2FK8ZWEJN" (0 0 0 0 0))
2016-08-31 22:12:12,027 DEBUG::RCVD::(guesses ("itø" "vr" "åqe" "nty" "gcjyzrrq"))
2016-08-31 22:12:12,028 INFO::BRCAST::(correct "KTXZA00BG9O2FK8ZWEJN" (0 0 0 0 0))
2016-08-31 22:12:12,526 INFO::BRCAST::(tick 22)
2016-08-31 22:12:12,527 DEBUG::RCVD::(guesses ("søzøtj" "ldi" "faeø" "hw" "ydææ"))
2016-08-31 22:12:12,528 INFO::BRCAST::(correct "KTXZA00BG9O2FK8ZWEJN" (0 0 0 0 0))
2016-08-31 22:12:13,027 DEBUG::RCVD::(guesses ("d" "wåug" "yg" "gbnzt" "ømlokwju"))
2016-08-31 22:12:13,028 INFO::BRCAST::(correct "KTXZA00BG9O2FK8ZWEJN" (0 0 0 0 0))
2016-08-31 22:12:13,526 INFO::BRCAST::(tick 21)
2016-08-31 22:12:13,527 DEBUG::RCVD::(guesses ("gm" "fi" "rllxyf" "c" "jh"))
2016-08-31 22:12:13,527 INFO::BRCAST::(correct "KTXZA00BG9O2FK8ZWEJN" (0 0 0 0 0))
2016-08-31 22:12:14,027 DEBUG::RCVD::(guesses ("li" "iiø" "råcphsqyr" "ææ" "yhwcæhxs"))
2016-08-31 22:12:14,028 INFO::BRCAST::(correct "KTXZA00BG9O2FK8ZWEJN" (0 0 0 0 0))
2016-08-31 22:12:14,526 INFO::BRCAST::(tick 20)
2016-08-31 22:12:14,527 DEBUG::RCVD::(guesses ("insy" "ud" "kfzgi" "pbooil" "x"))
2016-08-31 22:12:14,528 INFO::BRCAST::(correct "KTXZA00BG9O2FK8ZWEJN" (0 0 0 0 0))
2016-08-31 22:12:15,027 DEBUG::RCVD::(guesses ("asqtgmzk" "estugffj" "æoyxyiøsj" "vøhrnbszg" "zeds"))
2016-08-31 22:12:15,028 INFO::BRCAST::(correct "KTXZA00BG9O2FK8ZWEJN" (0 0 0 0 0))
2016-08-31 22:12:15,526 INFO::BRCAST::(tick 19)
2016-08-31 22:12:15,527 DEBUG::RCVD::(guesses ("kf" "z" "yeq" "qiågstewu" "å"))
2016-08-31 22:12:15,528 INFO::BRCAST::(correct "KTXZA00BG9O2FK8ZWEJN" (0 0 0 0 0))
2016-08-31 22:12:16,027 DEBUG::RCVD::(guesses ("yiå" "pe" "xfæuc" "qudw" "ti"))
2016-08-31 22:12:16,028 INFO::BRCAST::(correct "KTXZA00BG9O2FK8ZWEJN" (0 0 0 0 0))
2016-08-31 22:12:16,526 INFO::BRCAST::(tick 18)
2016-08-31 22:12:16,527 DEBUG::RCVD::(guesses ("fgoputdøa" "vo" "vgoxcfdz" "ioruhvå" "oe"))
2016-08-31 22:12:16,528 INFO::BRCAST::(correct "KTXZA00BG9O2FK8ZWEJN" (0 0 0 0 0))
2016-08-31 22:12:17,027 DEBUG::RCVD::(guesses ("yyuybidp" "øthæin" "udxåpt" "seqvpm" "ii"))
2016-08-31 22:12:17,028 INFO::BRCAST::(correct "KTXZA00BG9O2FK8ZWEJN" (0 0 0 0 0))
2016-08-31 22:12:17,526 INFO::BRCAST::(tick 17)
2016-08-31 22:12:17,527 DEBUG::RCVD::(guesses ("jaæåoe" "iiyv" "hpifg" "yzrcxb" "ytåhzlq"))
2016-08-31 22:12:17,528 INFO::BRCAST::(correct "KTXZA00BG9O2FK8ZWEJN" (0 0 0 0 0))
2016-08-31 22:12:18,027 DEBUG::RCVD::(guesses ("ztdøjqøxd" "dqmmwågsb" "gsæwexf" "axwyh" "axwkiz"))
2016-08-31 22:12:18,028 INFO::BRCAST::(correct "KTXZA00BG9O2FK8ZWEJN" (0 0 0 0 0))
2016-08-31 22:12:18,526 INFO::BRCAST::(tick 16)
2016-08-31 22:12:18,527 DEBUG::RCVD::(guesses ("æqåttj" "cwvl" "zcy" "m" "hhfh"))
2016-08-31 22:12:18,528 INFO::BRCAST::(correct "KTXZA00BG9O2FK8ZWEJN" (0 0 0 0 0))
2016-08-31 22:12:19,027 DEBUG::RCVD::(guesses ("øxr" "årywpeu" "hæænau" "gbqcke" "btl"))
2016-08-31 22:12:19,028 INFO::BRCAST::(correct "KTXZA00BG9O2FK8ZWEJN" (0 0 0 0 0))
2016-08-31 22:12:19,526 INFO::BRCAST::(tick 15)
2016-08-31 22:12:19,527 DEBUG::RCVD::(guesses ("slfævvxt" "d" "x" "oænc" "rr"))
2016-08-31 22:12:19,528 INFO::BRCAST::(correct "KTXZA00BG9O2FK8ZWEJN" (0 0 0 0 0))
2016-08-31 22:12:20,027 DEBUG::RCVD::(guesses ("kzbgink" "iawpbxg" "lxg" "qn" "urctæfsu"))
2016-08-31 22:12:20,028 INFO::BRCAST::(correct "KTXZA00BG9O2FK8ZWEJN" (0 0 0 0 0))
2016-08-31 22:12:20,526 INFO::BRCAST::(tick 14)
2016-08-31 22:12:20,527 DEBUG::RCVD::(guesses ("xøpænx" "azenbvg" "vocrxkwka" "dul" "chopt"))
2016-08-31 22:12:20,528 INFO::BRCAST::(correct "KTXZA00BG9O2FK8ZWEJN" (0 0 0 0 0))
2016-08-31 22:12:21,027 DEBUG::RCVD::(guesses ("jøkk" "j" "æbdbxcwlj" "fdqqtug" "oxbagm"))
2016-08-31 22:12:21,028 INFO::BRCAST::(correct "KTXZA00BG9O2FK8ZWEJN" (0 0 0 0 0))
2016-08-31 22:12:21,526 INFO::BRCAST::(tick 13)
2016-08-31 22:12:21,527 DEBUG::RCVD::(guesses ("gt" "i" "zqqhdfx" "vpq" "baymjo"))
2016-08-31 22:12:21,528 INFO::BRCAST::(correct "KTXZA00BG9O2FK8ZWEJN" (0 0 0 0 0))
2016-08-31 22:12:22,027 DEBUG::RCVD::(guesses ("lmævø" "dsoax" "byrxd" "tæåmnl" "vehku"))
2016-08-31 22:12:22,028 INFO::BRCAST::(correct "KTXZA00BG9O2FK8ZWEJN" (0 0 0 0 0))
2016-08-31 22:12:22,526 INFO::BRCAST::(tick 12)
2016-08-31 22:12:22,527 DEBUG::RCVD::(guesses ("f" "vsøykxiaa" "txpoe" "æ" "å"))
2016-08-31 22:12:22,528 INFO::BRCAST::(correct "KTXZA00BG9O2FK8ZWEJN" (0 0 0 0 0))
2016-08-31 22:12:23,027 DEBUG::RCVD::(guesses ("luvwloaæå" "jvåfåxp" "sif" "o" "b"))
2016-08-31 22:12:23,028 INFO::BRCAST::(correct "KTXZA00BG9O2FK8ZWEJN" (0 0 0 0 0))
2016-08-31 22:12:23,526 INFO::BRCAST::(tick 11)
2016-08-31 22:12:23,527 DEBUG::RCVD::(guesses ("griå" "rlunm" "øinb" "mlhtl" "jcb"))
2016-08-31 22:12:23,528 INFO::BRCAST::(correct "KTXZA00BG9O2FK8ZWEJN" (0 0 0 0 0))
2016-08-31 22:12:24,027 DEBUG::RCVD::(guesses ("jmfuiojx" "æezj" "usms" "qfnos" "r"))
2016-08-31 22:12:24,028 INFO::BRCAST::(correct "KTXZA00BG9O2FK8ZWEJN" (0 0 0 0 0))
2016-08-31 22:12:24,526 INFO::BRCAST::(tick 10)
2016-08-31 22:12:24,527 DEBUG::RCVD::(guesses ("lwcti" "ffyqjlb" "ykzhxåmqu" "zsm" "kbgi"))
2016-08-31 22:12:24,527 INFO::BRCAST::(correct "KTXZA00BG9O2FK8ZWEJN" (0 0 0 0 0))
2016-08-31 22:12:25,027 DEBUG::RCVD::(guesses ("andææ" "zadrc" "fb" "pvpcsøåup" "rtmcd"))
2016-08-31 22:12:25,028 INFO::BRCAST::(correct "KTXZA00BG9O2FK8ZWEJN" (0 0 0 0 0))
2016-08-31 22:12:25,526 INFO::BRCAST::(tick 9)
2016-08-31 22:12:25,527 DEBUG::RCVD::(guesses ("zcxcebgo" "ynt" "ieovxecr" "jlhjmaå" "ø"))
2016-08-31 22:12:25,528 INFO::BRCAST::(correct "KTXZA00BG9O2FK8ZWEJN" (0 0 0 0 0))
2016-08-31 22:12:26,027 DEBUG::RCVD::(guesses ("omfåpsc" "f" "arwråsz" "mæqgkkmxq" "æcdb"))
2016-08-31 22:12:26,028 INFO::BRCAST::(correct "KTXZA00BG9O2FK8ZWEJN" (0 0 0 0 0))
2016-08-31 22:12:26,526 INFO::BRCAST::(tick 8)
2016-08-31 22:12:26,527 DEBUG::RCVD::(guesses ("xwxmd" "såwrxøp" "ap" "næxdryl" "gæ"))
2016-08-31 22:12:26,528 INFO::BRCAST::(correct "KTXZA00BG9O2FK8ZWEJN" (0 0 0 0 0))
2016-08-31 22:12:27,028 DEBUG::RCVD::(guesses ("jæ" "æftf" "nbøfyfe" "dxnæsn" "ætr"))
2016-08-31 22:12:27,028 INFO::BRCAST::(correct "KTXZA00BG9O2FK8ZWEJN" (0 0 0 0 0))
2016-08-31 22:12:27,526 INFO::BRCAST::(tick 7)
2016-08-31 22:12:27,527 DEBUG::RCVD::(guesses ("aålghu" "ezpnfivh" "qighm" "yqhybzg" "unsyq"))
2016-08-31 22:12:27,528 INFO::BRCAST::(correct "KTXZA00BG9O2FK8ZWEJN" (0 0 0 0 0))
2016-08-31 22:12:28,027 DEBUG::RCVD::(guesses ("g" "iqtoig" "vsuu" "å" "vahfyp"))
2016-08-31 22:12:28,028 INFO::BRCAST::(correct "KTXZA00BG9O2FK8ZWEJN" (0 0 0 0 0))
2016-08-31 22:12:28,526 INFO::BRCAST::(tick 6)
2016-08-31 22:12:28,527 DEBUG::RCVD::(guesses ("hølaå" "øujqtxk" "xøljnef" "duwoabæeå" "xsohørbvf"))
2016-08-31 22:12:28,528 INFO::BRCAST::(correct "KTXZA00BG9O2FK8ZWEJN" (0 0 0 0 0))
2016-08-31 22:12:29,027 DEBUG::RCVD::(guesses ("gcykoxkh" "dux" "xfebgkwhf" "vss" "kå"))
2016-08-31 22:12:29,028 INFO::BRCAST::(correct "KTXZA00BG9O2FK8ZWEJN" (0 0 0 0 0))
2016-08-31 22:12:29,359 DEBUG::RCVD::(guesses ("oplev" "" "forunderlig" "tårn" "uændrede"))
2016-08-31 22:12:29,360 INFO::BRCAST::(correct "01UOLGECJY931R20Q4Q2" (1 0 1 1 1))
2016-08-31 22:12:29,526 INFO::BRCAST::(tick 5)
2016-08-31 22:12:29,527 DEBUG::RCVD::(guesses ("wc" "fdz" "kxæc" "tkwåvp" "ttek"))
2016-08-31 22:12:29,528 INFO::BRCAST::(correct "KTXZA00BG9O2FK8ZWEJN" (0 0 0 0 0))
2016-08-31 22:12:30,027 DEBUG::RCVD::(guesses ("ågbl" "sbwrøz" "u" "åvumt" "ob"))
2016-08-31 22:12:30,028 INFO::BRCAST::(correct "KTXZA00BG9O2FK8ZWEJN" (0 0 0 0 0))
2016-08-31 22:12:30,526 INFO::BRCAST::(tick 4)
2016-08-31 22:12:30,527 DEBUG::RCVD::(guesses ("q" "yagutåuæ" "gm" "b" "akåffl"))
2016-08-31 22:12:30,528 INFO::BRCAST::(correct "KTXZA00BG9O2FK8ZWEJN" (0 0 0 0 0))
2016-08-31 22:12:31,027 DEBUG::RCVD::(guesses ("xfqjqfzøp" "æfnzf" "i" "c" "jubdniaf"))
2016-08-31 22:12:31,028 INFO::BRCAST::(correct "KTXZA00BG9O2FK8ZWEJN" (0 0 0 0 0))
2016-08-31 22:12:31,526 INFO::BRCAST::(tick 3)
2016-08-31 22:12:31,527 DEBUG::RCVD::(guesses ("æfzvøignø" "æris" "muål" "semdv" "ø"))
2016-08-31 22:12:31,528 INFO::BRCAST::(correct "KTXZA00BG9O2FK8ZWEJN" (0 0 0 0 0))
2016-08-31 22:12:32,027 DEBUG::RCVD::(guesses ("pab" "od" "caøth" "v" "cahg"))
2016-08-31 22:12:32,028 INFO::BRCAST::(correct "KTXZA00BG9O2FK8ZWEJN" (0 0 0 0 0))
2016-08-31 22:12:32,526 INFO::BRCAST::(tick 2)
2016-08-31 22:12:32,527 DEBUG::RCVD::(guesses ("supq" "ikfåiqe" "øzådnæw" "mmu" "h"))
2016-08-31 22:12:32,528 INFO::BRCAST::(correct "KTXZA00BG9O2FK8ZWEJN" (0 0 0 0 0))
2016-08-31 22:12:32,993 DEBUG::RCVD::(guesses ("oplev" "skete" "forunderlig" "tårn" "uændrede"))
2016-08-31 22:12:32,993 INFO::BRCAST::(correct "01UOLGECJY931R20Q4Q2" (1 0 1 1 1))
2016-08-31 22:12:33,027 DEBUG::RCVD::(guesses ("wå" "icbo" "kåzvv" "zhckcdm" "qoå"))
2016-08-31 22:12:33,028 INFO::BRCAST::(correct "KTXZA00BG9O2FK8ZWEJN" (0 0 0 0 0))
2016-08-31 22:12:33,526 INFO::BRCAST::(tick 1)
2016-08-31 22:12:33,527 DEBUG::RCVD::(guesses ("nfaåån" "adoiasshx" "å" "tkph" "bfjyy"))
2016-08-31 22:12:33,528 INFO::BRCAST::(correct "KTXZA00BG9O2FK8ZWEJN" (0 0 0 0 0))
2016-08-31 22:12:34,027 DEBUG::RCVD::(guesses ("rs" "oø" "fkcåul" "ydm" "inl"))
2016-08-31 22:12:34,028 INFO::BRCAST::(correct "KTXZA00BG9O2FK8ZWEJN" (0 0 0 0 0))
2016-08-31 22:12:34,526 INFO::BRCAST::(tick 0)
2016-08-31 22:12:35,526 INFO::BRCAST::(guesses (("oplev" "pics/discover.jpg" "discover") ("opstod" "pics/occured.jpg" "occurred") ("forunderlig" "pics/q.jpg" "quaint/strange") ("tårn" "pics/tower.jpg" "tower") ("uændrede" "pics/unch.jpg" "unchanged")))
2016-08-31 22:12:35,527 INFO::BRCAST::(reset)
2016-08-31 22:12:39,530 INFO::BRCAST::(ready)
2016-08-31 22:12:39,531 INFO::BRCAST::(total_time 30)
2016-08-31 22:12:39,531 INFO::BRCAST::(players ("KTXZA00BG9O2FK8ZWEJN" "01UOLGECJY931R20Q4Q2"))
2016-08-31 22:12:39,531 INFO::BRCAST::(words (("attributed" "pics/attr.jpg") ("insane" "pics/insane.jpg") ("spread" "pics/spread.jpg") ("physical" "pics/ph.jpg") ("glassess" "pics/glass.jpg")))
2016-08-31 22:12:39,532 INFO::BRCAST::(tick 29)
2016-08-31 22:12:40,033 DEBUG::RCVD::(guesses ("qkå" "hrotsf" "otømwjrl" "rsøxivld" "rfgcs"))
2016-08-31 22:12:40,033 INFO::BRCAST::(correct "KTXZA00BG9O2FK8ZWEJN" (0 0 0 0 0))
2016-08-31 22:12:40,532 INFO::BRCAST::(tick 28)
2016-08-31 22:12:40,533 DEBUG::RCVD::(guesses ("hutsmj" "åddrnzpæh" "uwk" "owl" "hvfzx"))
2016-08-31 22:12:40,533 INFO::BRCAST::(correct "KTXZA00BG9O2FK8ZWEJN" (0 0 0 0 0))
2016-08-31 22:12:41,033 DEBUG::RCVD::(guesses ("pilbøq" "lvve" "å" "obvxmp" "jå"))
2016-08-31 22:12:41,033 INFO::BRCAST::(correct "KTXZA00BG9O2FK8ZWEJN" (0 0 0 0 0))
2016-08-31 22:12:41,532 INFO::BRCAST::(tick 27)
2016-08-31 22:12:41,533 DEBUG::RCVD::(guesses ("wxtw" "oyqu" "mwakc" "iol" "qwgvkmax"))
2016-08-31 22:12:41,533 INFO::BRCAST::(correct "KTXZA00BG9O2FK8ZWEJN" (0 0 0 0 0))
2016-08-31 22:12:42,033 DEBUG::RCVD::(guesses ("hkpylvzqy" "øoqmcgea" "kzdkæn" "twgfcj" "gæzmdzr"))
2016-08-31 22:12:42,034 INFO::BRCAST::(correct "KTXZA00BG9O2FK8ZWEJN" (0 0 0 0 0))
2016-08-31 22:12:42,532 INFO::BRCAST::(tick 26)
2016-08-31 22:12:42,533 DEBUG::RCVD::(guesses ("dcårxdbd" "bc" "w" "cxmsvh" "dvuheåb"))
2016-08-31 22:12:42,533 INFO::BRCAST::(correct "KTXZA00BG9O2FK8ZWEJN" (0 0 0 0 0))
2016-08-31 22:12:43,033 DEBUG::RCVD::(guesses ("pkæåæt" "rno" "zcæsgråkm" "yzæøp" "ew"))
2016-08-31 22:12:43,033 INFO::BRCAST::(correct "KTXZA00BG9O2FK8ZWEJN" (0 0 0 0 0))
2016-08-31 22:12:43,532 INFO::BRCAST::(tick 25)
2016-08-31 22:12:43,533 DEBUG::RCVD::(guesses ("ja" "gbvymitæm" "elcu" "øe" "mzmmoy"))
2016-08-31 22:12:43,534 INFO::BRCAST::(correct "KTXZA00BG9O2FK8ZWEJN" (0 0 0 0 0))
2016-08-31 22:12:44,033 DEBUG::RCVD::(guesses ("jp" "txuør" "bdlbår" "miånyhwg" "ru"))
2016-08-31 22:12:44,034 INFO::BRCAST::(correct "KTXZA00BG9O2FK8ZWEJN" (0 0 0 0 0))
2016-08-31 22:12:44,532 INFO::BRCAST::(tick 24)
2016-08-31 22:12:44,533 DEBUG::RCVD::(guesses ("drpcs" "j" "olæmjssæk" "kdtz" "nx"))
2016-08-31 22:12:44,533 INFO::BRCAST::(correct "KTXZA00BG9O2FK8ZWEJN" (0 0 0 0 0))
2016-08-31 22:12:45,033 DEBUG::RCVD::(guesses ("ydrh" "zble" "y" "råankæ" "elzabq"))
2016-08-31 22:12:45,033 INFO::BRCAST::(correct "KTXZA00BG9O2FK8ZWEJN" (0 0 0 0 0))
2016-08-31 22:12:45,326 DEBUG::RCVD::(guesses ("" "sindsygge" "" "" ""))
2016-08-31 22:12:45,327 INFO::BRCAST::(correct "01UOLGECJY931R20Q4Q2" (0 0 0 0 0))
2016-08-31 22:12:45,532 INFO::BRCAST::(tick 23)
2016-08-31 22:12:45,533 DEBUG::RCVD::(guesses ("zsksåi" "å" "qyehvzbgh" "yæ" "øvtdhsjk"))
2016-08-31 22:12:45,533 INFO::BRCAST::(correct "KTXZA00BG9O2FK8ZWEJN" (0 0 0 0 0))
2016-08-31 22:12:46,033 DEBUG::RCVD::(guesses ("cæ" "oljrk" "mrsewwi" "pøuciwzv" "ziøqqæs"))
2016-08-31 22:12:46,034 INFO::BRCAST::(correct "KTXZA00BG9O2FK8ZWEJN" (0 0 0 0 0))
2016-08-31 22:12:46,532 INFO::BRCAST::(tick 22)
2016-08-31 22:12:46,533 DEBUG::RCVD::(guesses ("ådhandyut" "ap" "njw" "oucæn" "c"))
2016-08-31 22:12:46,533 INFO::BRCAST::(correct "KTXZA00BG9O2FK8ZWEJN" (0 0 0 0 0))
2016-08-31 22:12:47,033 DEBUG::RCVD::(guesses ("dvzpåds" "qjggxokc" "fhnvwdbyg" "scåzlphzs" "xxcz"))
2016-08-31 22:12:47,033 INFO::BRCAST::(correct "KTXZA00BG9O2FK8ZWEJN" (0 0 0 0 0))
2016-08-31 22:12:47,532 INFO::BRCAST::(tick 21)
2016-08-31 22:12:47,533 DEBUG::RCVD::(guesses ("åæq" "røm" "udvzsuniq" "tnz" "xh"))
2016-08-31 22:12:47,533 INFO::BRCAST::(correct "KTXZA00BG9O2FK8ZWEJN" (0 0 0 0 0))
2016-08-31 22:12:48,033 DEBUG::RCVD::(guesses ("krp" "g" "hæ" "jztwxim" "tarneq"))
2016-08-31 22:12:48,033 INFO::BRCAST::(correct "KTXZA00BG9O2FK8ZWEJN" (0 0 0 0 0))
2016-08-31 22:12:48,532 INFO::BRCAST::(tick 20)
2016-08-31 22:12:48,533 DEBUG::RCVD::(guesses ("æwmzikæ" "hapdkeyv" "åwefufb" "æyatbw" "zæilxzuft"))
2016-08-31 22:12:48,533 INFO::BRCAST::(correct "KTXZA00BG9O2FK8ZWEJN" (0 0 0 0 0))
2016-08-31 22:12:49,033 DEBUG::RCVD::(guesses ("m" "dlæmøupc" "dunæøyu" "oq" "p"))
2016-08-31 22:12:49,034 INFO::BRCAST::(correct "KTXZA00BG9O2FK8ZWEJN" (0 0 0 0 0))
2016-08-31 22:12:49,532 INFO::BRCAST::(tick 19)
2016-08-31 22:12:49,533 DEBUG::RCVD::(guesses ("bbnbfpøzl" "amsn" "nåxn" "qæømtf" "j"))
2016-08-31 22:12:49,533 INFO::BRCAST::(correct "KTXZA00BG9O2FK8ZWEJN" (0 0 0 0 0))
2016-08-31 22:12:50,033 DEBUG::RCVD::(guesses ("pøo" "øatua" "æzcoqql" "olzsl" "kæøhykgt"))
2016-08-31 22:12:50,034 INFO::BRCAST::(correct "KTXZA00BG9O2FK8ZWEJN" (0 0 0 0 0))
2016-08-31 22:12:50,532 INFO::BRCAST::(tick 18)
2016-08-31 22:12:50,533 DEBUG::RCVD::(guesses ("cqjgfkø" "æyhriå" "kdigyt" "jauwzz" "yæhjoakq"))
2016-08-31 22:12:50,533 INFO::BRCAST::(correct "KTXZA00BG9O2FK8ZWEJN" (0 0 0 0 0))
2016-08-31 22:12:51,033 DEBUG::RCVD::(guesses ("pckgvsmd" "håe" "edvatvuan" "øtøæhukæ" "eigv"))
2016-08-31 22:12:51,033 INFO::BRCAST::(correct "KTXZA00BG9O2FK8ZWEJN" (0 0 0 0 0))
2016-08-31 22:12:51,532 INFO::BRCAST::(tick 17)
2016-08-31 22:12:51,533 DEBUG::RCVD::(guesses ("pzvhøfj" "tæod" "uscl" "rp" "tqc"))
2016-08-31 22:12:51,533 INFO::BRCAST::(correct "KTXZA00BG9O2FK8ZWEJN" (0 0 0 0 0))
2016-08-31 22:12:52,033 DEBUG::RCVD::(guesses ("w" "øyceojq" "d" "tcækå" "åøsekzbwl"))
2016-08-31 22:12:52,033 INFO::BRCAST::(correct "KTXZA00BG9O2FK8ZWEJN" (0 0 0 0 0))
2016-08-31 22:12:52,532 INFO::BRCAST::(tick 16)
2016-08-31 22:12:52,533 DEBUG::RCVD::(guesses ("ccqn" "ø" "ngd" "qæiwvg" "ta"))
2016-08-31 22:12:52,533 INFO::BRCAST::(correct "KTXZA00BG9O2FK8ZWEJN" (0 0 0 0 0))
2016-08-31 22:12:53,033 DEBUG::RCVD::(guesses ("pvxoasl" "fæ" "æsljb" "baøly" "ekøåzn"))
2016-08-31 22:12:53,033 INFO::BRCAST::(correct "KTXZA00BG9O2FK8ZWEJN" (0 0 0 0 0))
2016-08-31 22:12:53,532 INFO::BRCAST::(tick 15)
2016-08-31 22:12:53,533 DEBUG::RCVD::(guesses ("gijbxew" "mrvuuæyk" "wukojgm" "yurfj" "ndjwy"))
2016-08-31 22:12:53,533 INFO::BRCAST::(correct "KTXZA00BG9O2FK8ZWEJN" (0 0 0 0 0))
2016-08-31 22:12:54,033 DEBUG::RCVD::(guesses ("efæegkz" "jul" "pc" "ppwd" "hu"))
2016-08-31 22:12:54,033 INFO::BRCAST::(correct "KTXZA00BG9O2FK8ZWEJN" (0 0 0 0 0))
2016-08-31 22:12:54,532 INFO::BRCAST::(tick 14)
2016-08-31 22:12:54,533 DEBUG::RCVD::(guesses ("v" "ål" "icwmqøw" "øæjfxm" "qam"))
2016-08-31 22:12:54,533 INFO::BRCAST::(correct "KTXZA00BG9O2FK8ZWEJN" (0 0 0 0 0))
2016-08-31 22:12:55,033 DEBUG::RCVD::(guesses ("lbib" "tiziqgvd" "ø" "jøudænyfø" "pcvvfjsf"))
2016-08-31 22:12:55,033 INFO::BRCAST::(correct "KTXZA00BG9O2FK8ZWEJN" (0 0 0 0 0))
2016-08-31 22:12:55,532 INFO::BRCAST::(tick 13)
2016-08-31 22:12:55,533 DEBUG::RCVD::(guesses ("ldgswlabf" "åihpapx" "ækaamq" "ogfm" "lu"))
2016-08-31 22:12:55,533 INFO::BRCAST::(correct "KTXZA00BG9O2FK8ZWEJN" (0 0 0 0 0))
2016-08-31 22:12:56,033 DEBUG::RCVD::(guesses ("pgunqti" "pårqrrsqy" "o" "n" "q"))
2016-08-31 22:12:56,033 INFO::BRCAST::(correct "KTXZA00BG9O2FK8ZWEJN" (0 0 0 0 0))
2016-08-31 22:12:56,532 INFO::BRCAST::(tick 12)
2016-08-31 22:12:56,533 DEBUG::RCVD::(guesses ("le" "fh" "urlwewtfr" "rk" "ioøigmd"))
2016-08-31 22:12:56,533 INFO::BRCAST::(correct "KTXZA00BG9O2FK8ZWEJN" (0 0 0 0 0))
2016-08-31 22:12:57,033 DEBUG::RCVD::(guesses ("sy" "vknroåt" "hbjpmbjf" "t" "ha"))
2016-08-31 22:12:57,033 INFO::BRCAST::(correct "KTXZA00BG9O2FK8ZWEJN" (0 0 0 0 0))
2016-08-31 22:12:57,532 INFO::BRCAST::(tick 11)
2016-08-31 22:12:57,533 DEBUG::RCVD::(guesses ("bslxeåux" "svæzpæ" "dupywaunf" "såyn" "nzsrs"))
2016-08-31 22:12:57,534 INFO::BRCAST::(correct "KTXZA00BG9O2FK8ZWEJN" (0 0 0 0 0))
2016-08-31 22:12:58,033 DEBUG::RCVD::(guesses ("æbchæsjt" "kkiimpæ" "hbnahgkg" "sbseecog" "bthvå"))
2016-08-31 22:12:58,033 INFO::BRCAST::(correct "KTXZA00BG9O2FK8ZWEJN" (0 0 0 0 0))
2016-08-31 22:12:58,532 INFO::BRCAST::(tick 10)
2016-08-31 22:12:58,533 DEBUG::RCVD::(guesses ("sreildl" "æcfi" "rawøå" "lnvkmjuæt" "owæqsam"))
2016-08-31 22:12:58,533 INFO::BRCAST::(correct "KTXZA00BG9O2FK8ZWEJN" (0 0 0 0 0))
2016-08-31 22:12:59,033 DEBUG::RCVD::(guesses ("vn" "qesi" "gcrtnøj" "qbcdz" "xdlnåabd"))
2016-08-31 22:12:59,033 INFO::BRCAST::(correct "KTXZA00BG9O2FK8ZWEJN" (0 0 0 0 0))
2016-08-31 22:12:59,532 INFO::BRCAST::(tick 9)
2016-08-31 22:12:59,533 DEBUG::RCVD::(guesses ("xpzhpgjbm" "raøåmvah" "wkb" "ihblj" "xgmnc"))
2016-08-31 22:12:59,533 INFO::BRCAST::(correct "KTXZA00BG9O2FK8ZWEJN" (0 0 0 0 0))
2016-08-31 22:13:00,033 DEBUG::RCVD::(guesses ("øtø" "zzzql" "rfwgy" "æzkj" "aøb"))
2016-08-31 22:13:00,033 INFO::BRCAST::(correct "KTXZA00BG9O2FK8ZWEJN" (0 0 0 0 0))
2016-08-31 22:13:00,532 INFO::BRCAST::(tick 8)
2016-08-31 22:13:00,533 DEBUG::RCVD::(guesses ("fågæåo" "xpf" "kuøuflot" "xycgqgd" "f"))
2016-08-31 22:13:00,533 INFO::BRCAST::(correct "KTXZA00BG9O2FK8ZWEJN" (0 0 0 0 0))
2016-08-31 22:13:01,033 DEBUG::RCVD::(guesses ("yn" "i" "wtnuli" "vr" "oeqik"))
2016-08-31 22:13:01,033 INFO::BRCAST::(correct "KTXZA00BG9O2FK8ZWEJN" (0 0 0 0 0))
2016-08-31 22:13:01,532 INFO::BRCAST::(tick 7)
2016-08-31 22:13:01,533 DEBUG::RCVD::(guesses ("dæbårhrø" "judq" "pisg" "æxøe" "dbefg"))
2016-08-31 22:13:01,533 INFO::BRCAST::(correct "KTXZA00BG9O2FK8ZWEJN" (0 0 0 0 0))
2016-08-31 22:13:02,033 DEBUG::RCVD::(guesses ("lvccæyd" "jpl" "ætwo" "fgn" "yiwvt"))
2016-08-31 22:13:02,033 INFO::BRCAST::(correct "KTXZA00BG9O2FK8ZWEJN" (0 0 0 0 0))
2016-08-31 22:13:02,532 INFO::BRCAST::(tick 6)
2016-08-31 22:13:02,533 DEBUG::RCVD::(guesses ("oå" "s" "wgwzgln" "øfvbdkllg" "ncyiw"))
2016-08-31 22:13:02,533 INFO::BRCAST::(correct "KTXZA00BG9O2FK8ZWEJN" (0 0 0 0 0))
2016-08-31 22:13:03,033 DEBUG::RCVD::(guesses ("vpæfzhq" "mqægachsø" "fwckfpøfø" "eaågn" "æztggawn"))
2016-08-31 22:13:03,034 INFO::BRCAST::(correct "KTXZA00BG9O2FK8ZWEJN" (0 0 0 0 0))
2016-08-31 22:13:03,493 DEBUG::RCVD::(guesses ("tilskrives" "" "udbrede" "fysiske" "briller"))
2016-08-31 22:13:03,493 INFO::BRCAST::(correct "01UOLGECJY931R20Q4Q2" (1 0 1 1 1))
2016-08-31 22:13:03,532 INFO::BRCAST::(tick 5)
2016-08-31 22:13:03,533 DEBUG::RCVD::(guesses ("blu" "vrowj" "eypkieuæg" "gkf" "kxsrægbø"))
2016-08-31 22:13:03,533 INFO::BRCAST::(correct "KTXZA00BG9O2FK8ZWEJN" (0 0 0 0 0))
2016-08-31 22:13:04,033 DEBUG::RCVD::(guesses ("c" "yzz" "ddg" "i" "lkwjæ"))
2016-08-31 22:13:04,033 INFO::BRCAST::(correct "KTXZA00BG9O2FK8ZWEJN" (0 0 0 0 0))
2016-08-31 22:13:04,532 INFO::BRCAST::(tick 4)
2016-08-31 22:13:04,533 DEBUG::RCVD::(guesses ("wtaqjl" "mnvåg" "åpnmæo" "aa" "lzatfzt"))
2016-08-31 22:13:04,533 INFO::BRCAST::(correct "KTXZA00BG9O2FK8ZWEJN" (0 0 0 0 0))
2016-08-31 22:13:05,033 DEBUG::RCVD::(guesses ("øsouxøbi" "koxblp" "ønszwny" "ovåwzyu" "xtezvlj"))
2016-08-31 22:13:05,033 INFO::BRCAST::(correct "KTXZA00BG9O2FK8ZWEJN" (0 0 0 0 0))
2016-08-31 22:13:05,532 INFO::BRCAST::(tick 3)
2016-08-31 22:13:05,533 DEBUG::RCVD::(guesses ("so" "lsåæmt" "l" "eadnsprv" "køihubgeø"))
2016-08-31 22:13:05,533 INFO::BRCAST::(correct "KTXZA00BG9O2FK8ZWEJN" (0 0 0 0 0))
2016-08-31 22:13:06,033 DEBUG::RCVD::(guesses ("håæåmcib" "xkq" "vreåurg" "wcqså" "dømpaseo"))
2016-08-31 22:13:06,033 INFO::BRCAST::(correct "KTXZA00BG9O2FK8ZWEJN" (0 0 0 0 0))
2016-08-31 22:13:06,532 INFO::BRCAST::(tick 2)
2016-08-31 22:13:06,533 DEBUG::RCVD::(guesses ("zrwzcb" "tqgnyøåil" "zuozy" "htæjp" "wfboibt"))
2016-08-31 22:13:06,533 INFO::BRCAST::(correct "KTXZA00BG9O2FK8ZWEJN" (0 0 0 0 0))
2016-08-31 22:13:07,033 DEBUG::RCVD::(guesses ("yiek" "bahnæl" "gwjåeo" "qx" "cqxllnav"))
2016-08-31 22:13:07,033 INFO::BRCAST::(correct "KTXZA00BG9O2FK8ZWEJN" (0 0 0 0 0))
2016-08-31 22:13:07,532 INFO::BRCAST::(tick 1)
2016-08-31 22:13:07,533 DEBUG::RCVD::(guesses ("dåxt" "cmtfcxgpå" "e" "ki" "sæmbhjjdb"))
2016-08-31 22:13:07,533 INFO::BRCAST::(correct "KTXZA00BG9O2FK8ZWEJN" (0 0 0 0 0))
2016-08-31 22:13:08,033 DEBUG::RCVD::(guesses ("dtz" "vi" "vj" "jbyttåyo" "øoc"))
2016-08-31 22:13:08,033 INFO::BRCAST::(correct "KTXZA00BG9O2FK8ZWEJN" (0 0 0 0 0))
2016-08-31 22:13:08,532 INFO::BRCAST::(tick 0)
2016-08-31 22:13:09,533 INFO::BRCAST::(guesses (("tilskrives" "pics/attr.jpg" "attributed") ("sindssyg" "pics/insane.jpg" "insane") ("udbrede" "pics/spread.jpg" "spread") ("fysiske" "pics/ph.jpg" "physical") ("briller" "pics/glass.jpg" "glassess")))
2016-08-31 22:13:09,533 INFO::BRCAST::(reset)
2016-08-31 22:13:13,536 INFO::BRCAST::(ready)
2016-08-31 22:13:13,536 INFO::BRCAST::(total_time 30)
2016-08-31 22:13:13,537 INFO::BRCAST::(players ("KTXZA00BG9O2FK8ZWEJN" "01UOLGECJY931R20Q4Q2"))
2016-08-31 22:13:13,537 INFO::BRCAST::(words (("uninhabited" "pics/unin.jpg") ("miss/lack" "pics/lack.jpg") ("fears" "pics/fears.jpg") ("still" "pics/meer.jpg") ("either" "pics/jug.jpg")))
2016-08-31 22:13:13,538 INFO::BRCAST::(tick 29)
2016-08-31 22:13:14,040 DEBUG::RCVD::(guesses ("åhdpky" "cnhæitucq" "lklpzpm" "lå" "dpwmføuzv"))
2016-08-31 22:13:14,040 INFO::BRCAST::(correct "KTXZA00BG9O2FK8ZWEJN" (0 0 0 0 0))
2016-08-31 22:13:14,538 INFO::BRCAST::(tick 28)
2016-08-31 22:13:14,540 DEBUG::RCVD::(guesses ("ræs" "yw" "æcrwa" "zez" "rr"))
2016-08-31 22:13:14,540 INFO::BRCAST::(correct "KTXZA00BG9O2FK8ZWEJN" (0 0 0 0 0))
2016-08-31 22:13:15,040 DEBUG::RCVD::(guesses ("ykoibnæå" "qvebåkd" "ovårutr" "iøv" "i"))
2016-08-31 22:13:15,040 INFO::BRCAST::(correct "KTXZA00BG9O2FK8ZWEJN" (0 0 0 0 0))
2016-08-31 22:13:15,538 INFO::BRCAST::(tick 27)
2016-08-31 22:13:15,540 DEBUG::RCVD::(guesses ("løkkauk" "pafpjør" "zqd" "åkpei" "gpkycummh"))
2016-08-31 22:13:15,540 INFO::BRCAST::(correct "KTXZA00BG9O2FK8ZWEJN" (0 0 0 0 0))
2016-08-31 22:13:16,040 DEBUG::RCVD::(guesses ("zdxgrwx" "okv" "nqfiuzåtw" "uøuhetctk" "xcæinpb"))
2016-08-31 22:13:16,040 INFO::BRCAST::(correct "KTXZA00BG9O2FK8ZWEJN" (0 0 0 0 0))
2016-08-31 22:13:16,538 INFO::BRCAST::(tick 26)
2016-08-31 22:13:16,540 DEBUG::RCVD::(guesses ("g" "oc" "cbønncln" "cfqæu" "uyj"))
2016-08-31 22:13:16,540 INFO::BRCAST::(correct "KTXZA00BG9O2FK8ZWEJN" (0 0 0 0 0))
2016-08-31 22:13:17,026 DEBUG::RCVD::(guesses ("" "mangel" "" "" ""))
2016-08-31 22:13:17,027 INFO::BRCAST::(correct "01UOLGECJY931R20Q4Q2" (0 1 0 0 0))
2016-08-31 22:13:17,040 DEBUG::RCVD::(guesses ("yrqm" "y" "bejirsgow" "wdvgørzl" "sr"))
2016-08-31 22:13:17,040 INFO::BRCAST::(correct "KTXZA00BG9O2FK8ZWEJN" (0 0 0 0 0))
2016-08-31 22:13:17,538 INFO::BRCAST::(tick 25)
2016-08-31 22:13:17,540 DEBUG::RCVD::(guesses ("ype" "åmr" "gåvbwmpg" "smiohjuvx" "vkxez"))
2016-08-31 22:13:17,540 INFO::BRCAST::(correct "KTXZA00BG9O2FK8ZWEJN" (0 0 0 0 0))
2016-08-31 22:13:18,040 DEBUG::RCVD::(guesses ("a" "xygæ" "xjtegueb" "icjyuxhe" "hhvigi"))
2016-08-31 22:13:18,040 INFO::BRCAST::(correct "KTXZA00BG9O2FK8ZWEJN" (0 0 0 0 0))
2016-08-31 22:13:18,538 INFO::BRCAST::(tick 24)
2016-08-31 22:13:18,540 DEBUG::RCVD::(guesses ("svh" "kv" "xbtå" "uorv" "i"))
2016-08-31 22:13:18,540 INFO::BRCAST::(correct "KTXZA00BG9O2FK8ZWEJN" (0 0 0 0 0))
2016-08-31 22:13:19,040 DEBUG::RCVD::(guesses ("bea" "glvfum" "yoo" "yå" "wkmauavy"))
2016-08-31 22:13:19,040 INFO::BRCAST::(correct "KTXZA00BG9O2FK8ZWEJN" (0 0 0 0 0))
2016-08-31 22:13:19,538 INFO::BRCAST::(tick 23)
2016-08-31 22:13:19,540 DEBUG::RCVD::(guesses ("dh" "pæøpkxqgt" "smb" "llådk" "rølåkkhx"))
2016-08-31 22:13:19,540 INFO::BRCAST::(correct "KTXZA00BG9O2FK8ZWEJN" (0 0 0 0 0))
2016-08-31 22:13:20,040 DEBUG::RCVD::(guesses ("ryrh" "leuxvx" "elvrå" "hp" "cåøguq"))
2016-08-31 22:13:20,041 INFO::BRCAST::(correct "KTXZA00BG9O2FK8ZWEJN" (0 0 0 0 0))
2016-08-31 22:13:20,538 INFO::BRCAST::(tick 22)
2016-08-31 22:13:20,540 DEBUG::RCVD::(guesses ("m" "kwdasjåh" "fxojtu" "nheufy" "luirqtgsj"))
2016-08-31 22:13:20,540 INFO::BRCAST::(correct "KTXZA00BG9O2FK8ZWEJN" (0 0 0 0 0))
2016-08-31 22:13:21,040 DEBUG::RCVD::(guesses ("jqwyxn" "l" "atåovxn" "rgeuqfoæs" "ozo"))
2016-08-31 22:13:21,040 INFO::BRCAST::(correct "KTXZA00BG9O2FK8ZWEJN" (0 0 0 0 0))
2016-08-31 22:13:21,160 DEBUG::RCVD::(guesses ("" "mangel" "" "" "enten"))
2016-08-31 22:13:21,160 INFO::BRCAST::(correct "01UOLGECJY931R20Q4Q2" (0 1 0 0 1))
2016-08-31 22:13:21,538 INFO::BRCAST::(tick 21)
2016-08-31 22:13:21,540 DEBUG::RCVD::(guesses ("gøuuw" "uyimykpug" "zy" "nkøxp" "qwcw"))
2016-08-31 22:13:21,540 INFO::BRCAST::(correct "KTXZA00BG9O2FK8ZWEJN" (0 0 0 0 0))
2016-08-31 22:13:22,040 DEBUG::RCVD::(guesses ("btyalmyj" "uir" "æ" "qusern" "uznekp"))
2016-08-31 22:13:22,040 INFO::BRCAST::(correct "KTXZA00BG9O2FK8ZWEJN" (0 0 0 0 0))
2016-08-31 22:13:22,538 INFO::BRCAST::(tick 20)
2016-08-31 22:13:22,540 DEBUG::RCVD::(guesses ("rtbcyyl" "pbqgjøo" "fxkujotls" "ttyedløgo" "xv"))
2016-08-31 22:13:22,540 INFO::BRCAST::(correct "KTXZA00BG9O2FK8ZWEJN" (0 0 0 0 0))
2016-08-31 22:13:23,040 DEBUG::RCVD::(guesses ("hgqosos" "zt" "ilcogson" "yohøt" "qyoawøæ"))
2016-08-31 22:13:23,040 INFO::BRCAST::(correct "KTXZA00BG9O2FK8ZWEJN" (0 0 0 0 0))
2016-08-31 22:13:23,538 INFO::BRCAST::(tick 19)
2016-08-31 22:13:23,540 DEBUG::RCVD::(guesses ("ayxcgij" "mj" "hhoftk" "fexpnnx" "aew"))
2016-08-31 22:13:23,540 INFO::BRCAST::(correct "KTXZA00BG9O2FK8ZWEJN" (0 0 0 0 0))
2016-08-31 22:13:24,040 DEBUG::RCVD::(guesses ("åq" "ams" "fnsvo" "nmsnif" "ajrcjaj"))
2016-08-31 22:13:24,040 INFO::BRCAST::(correct "KTXZA00BG9O2FK8ZWEJN" (0 0 0 0 0))
2016-08-31 22:13:24,538 INFO::BRCAST::(tick 18)
2016-08-31 22:13:24,540 DEBUG::RCVD::(guesses ("zvæfkæøjå" "dv" "q" "nokhowsob" "gpkr"))
2016-08-31 22:13:24,540 INFO::BRCAST::(correct "KTXZA00BG9O2FK8ZWEJN" (0 0 0 0 0))
2016-08-31 22:13:24,793 DEBUG::RCVD::(guesses ("uhammet" "mangel" "" "" "enten"))
2016-08-31 22:13:24,794 INFO::BRCAST::(correct "01UOLGECJY931R20Q4Q2" (0 1 0 0 1))
2016-08-31 22:13:25,040 DEBUG::RCVD::(guesses ("zvm" "egyfs" "nlehh" "æaøfwp" "luvæzcva"))
2016-08-31 22:13:25,040 INFO::BRCAST::(correct "KTXZA00BG9O2FK8ZWEJN" (0 0 0 0 0))
2016-08-31 22:13:25,538 INFO::BRCAST::(tick 17)
2016-08-31 22:13:25,540 DEBUG::RCVD::(guesses ("yjædcaø" "clka" "vk" "urgasm" "masddpdus"))
2016-08-31 22:13:25,540 INFO::BRCAST::(correct "KTXZA00BG9O2FK8ZWEJN" (0 0 0 0 0))
2016-08-31 22:13:26,040 DEBUG::RCVD::(guesses ("qqjåjpæc" "ntgthåprø" "øk" "foptf" "ga"))
2016-08-31 22:13:26,040 INFO::BRCAST::(correct "KTXZA00BG9O2FK8ZWEJN" (0 0 0 0 0))
2016-08-31 22:13:26,538 INFO::BRCAST::(tick 16)
2016-08-31 22:13:26,540 DEBUG::RCVD::(guesses ("jbzp" "yuoledjjs" "lkfublv" "rk" "ok"))
2016-08-31 22:13:26,540 INFO::BRCAST::(correct "KTXZA00BG9O2FK8ZWEJN" (0 0 0 0 0))
2016-08-31 22:13:27,040 DEBUG::RCVD::(guesses ("nænfmæ" "suutf" "oo" "tztwzæp" "dønibgzgt"))
2016-08-31 22:13:27,040 INFO::BRCAST::(correct "KTXZA00BG9O2FK8ZWEJN" (0 0 0 0 0))
2016-08-31 22:13:27,538 INFO::BRCAST::(tick 15)
2016-08-31 22:13:27,540 DEBUG::RCVD::(guesses ("æta" "yhnmlmmm" "åyqhy" "flxeozwh" "æ"))
2016-08-31 22:13:27,540 INFO::BRCAST::(correct "KTXZA00BG9O2FK8ZWEJN" (0 0 0 0 0))
2016-08-31 22:13:28,040 DEBUG::RCVD::(guesses ("vhcårjw" "cånpdø" "søqbåxqs" "uwgmogåfd" "svt"))
2016-08-31 22:13:28,040 INFO::BRCAST::(correct "KTXZA00BG9O2FK8ZWEJN" (0 0 0 0 0))
2016-08-31 22:13:28,538 INFO::BRCAST::(tick 14)
2016-08-31 22:13:28,540 DEBUG::RCVD::(guesses ("ræzådcanå" "bårijoanr" "gkvif" "bj" "ef"))
2016-08-31 22:13:28,540 INFO::BRCAST::(correct "KTXZA00BG9O2FK8ZWEJN" (0 0 0 0 0))
2016-08-31 22:13:29,040 DEBUG::RCVD::(guesses ("kwroijgv" "nzgo" "iq" "ærafzåurk" "ræik"))
2016-08-31 22:13:29,040 INFO::BRCAST::(correct "KTXZA00BG9O2FK8ZWEJN" (0 0 0 0 0))
2016-08-31 22:13:29,538 INFO::BRCAST::(tick 13)
2016-08-31 22:13:29,540 DEBUG::RCVD::(guesses ("psfltfiq" "yrjrtkld" "øylvvlæfo" "vx" "awøugaspn"))
2016-08-31 22:13:29,540 INFO::BRCAST::(correct "KTXZA00BG9O2FK8ZWEJN" (0 0 0 0 0))
2016-08-31 22:13:30,040 DEBUG::RCVD::(guesses ("cyawiåvøg" "bpk" "abylrit" "fnøedc" "l"))
2016-08-31 22:13:30,040 INFO::BRCAST::(correct "KTXZA00BG9O2FK8ZWEJN" (0 0 0 0 0))
2016-08-31 22:13:30,538 INFO::BRCAST::(tick 12)
2016-08-31 22:13:30,540 DEBUG::RCVD::(guesses ("emzyyu" "scslychxq" "frjg" "wq" "lmsågtaum"))
2016-08-31 22:13:30,540 INFO::BRCAST::(correct "KTXZA00BG9O2FK8ZWEJN" (0 0 0 0 0))
2016-08-31 22:13:31,040 DEBUG::RCVD::(guesses ("tåmq" "tynawåxhq" "pf" "nu" "åf"))
2016-08-31 22:13:31,040 INFO::BRCAST::(correct "KTXZA00BG9O2FK8ZWEJN" (0 0 0 0 0))
2016-08-31 22:13:31,538 INFO::BRCAST::(tick 11)
2016-08-31 22:13:31,540 DEBUG::RCVD::(guesses ("pzn" "cnck" "jm" "quq" "fjyjuoc"))
2016-08-31 22:13:31,540 INFO::BRCAST::(correct "KTXZA00BG9O2FK8ZWEJN" (0 0 0 0 0))
2016-08-31 22:13:32,040 DEBUG::RCVD::(guesses ("p" "ffbrvdwwg" "øvzpqw" "dyøsfmq" "xøxålnl"))
2016-08-31 22:13:32,040 INFO::BRCAST::(correct "KTXZA00BG9O2FK8ZWEJN" (0 0 0 0 0))
2016-08-31 22:13:32,538 INFO::BRCAST::(tick 10)
2016-08-31 22:13:32,540 DEBUG::RCVD::(guesses ("qecxowzp" "qhlvrlzfå" "lqo" "lthpø" "ro"))
2016-08-31 22:13:32,540 INFO::BRCAST::(correct "KTXZA00BG9O2FK8ZWEJN" (0 0 0 0 0))
2016-08-31 22:13:33,040 DEBUG::RCVD::(guesses ("xclaapm" "a" "auvqrtt" "hppcatyi" "æågyc"))
2016-08-31 22:13:33,040 INFO::BRCAST::(correct "KTXZA00BG9O2FK8ZWEJN" (0 0 0 0 0))
2016-08-31 22:13:33,538 INFO::BRCAST::(tick 9)
2016-08-31 22:13:33,540 DEBUG::RCVD::(guesses ("uøeeu" "pldsdkcu" "djxjiy" "ir" "i"))
2016-08-31 22:13:33,540 INFO::BRCAST::(correct "KTXZA00BG9O2FK8ZWEJN" (0 0 0 0 0))
2016-08-31 22:13:34,040 DEBUG::RCVD::(guesses ("i" "drsx" "qætdyijvx" "hfvw" "fhfmupll"))
2016-08-31 22:13:34,040 INFO::BRCAST::(correct "KTXZA00BG9O2FK8ZWEJN" (0 0 0 0 0))
2016-08-31 22:13:34,538 INFO::BRCAST::(tick 8)
2016-08-31 22:13:34,540 DEBUG::RCVD::(guesses ("vpyqkeg" "å" "ux" "c" "fhx"))
2016-08-31 22:13:34,540 INFO::BRCAST::(correct "KTXZA00BG9O2FK8ZWEJN" (0 0 0 0 0))
2016-08-31 22:13:35,040 DEBUG::RCVD::(guesses ("xøxongcsb" "mmzbeg" "åmewdrfh" "uipqbern" "hbfux"))
2016-08-31 22:13:35,040 INFO::BRCAST::(correct "KTXZA00BG9O2FK8ZWEJN" (0 0 0 0 0))
2016-08-31 22:13:35,538 INFO::BRCAST::(tick 7)
2016-08-31 22:13:35,540 DEBUG::RCVD::(guesses ("zæjeo" "åkazzågrs" "duøær" "z" "pek"))
2016-08-31 22:13:35,540 INFO::BRCAST::(correct "KTXZA00BG9O2FK8ZWEJN" (0 0 0 0 0))
2016-08-31 22:13:36,040 DEBUG::RCVD::(guesses ("cthzeaj" "æv" "mqjcte" "uxbqåmxlr" "mxkhuq"))
2016-08-31 22:13:36,040 INFO::BRCAST::(correct "KTXZA00BG9O2FK8ZWEJN" (0 0 0 0 0))
2016-08-31 22:13:36,538 INFO::BRCAST::(tick 6)
2016-08-31 22:13:36,540 DEBUG::RCVD::(guesses ("w" "sosgrke" "jåmzn" "sdxkcx" "t"))
2016-08-31 22:13:36,540 INFO::BRCAST::(correct "KTXZA00BG9O2FK8ZWEJN" (0 0 0 0 0))
2016-08-31 22:13:37,040 DEBUG::RCVD::(guesses ("æ" "jyumøi" "xkæmdek" "ætuzdwmzb" "fxhænps"))
2016-08-31 22:13:37,040 INFO::BRCAST::(correct "KTXZA00BG9O2FK8ZWEJN" (0 0 0 0 0))
2016-08-31 22:13:37,538 INFO::BRCAST::(tick 5)
2016-08-31 22:13:37,540 DEBUG::RCVD::(guesses ("izsmøeåæs" "rbtuøu" "bho" "dknsæ" "wc"))
2016-08-31 22:13:37,540 INFO::BRCAST::(correct "KTXZA00BG9O2FK8ZWEJN" (0 0 0 0 0))
2016-08-31 22:13:38,040 DEBUG::RCVD::(guesses ("k" "lnznsk" "zuaybi" "xjssj" "b"))
2016-08-31 22:13:38,041 INFO::BRCAST::(correct "KTXZA00BG9O2FK8ZWEJN" (0 0 0 0 0))
2016-08-31 22:13:38,538 INFO::BRCAST::(tick 4)
2016-08-31 22:13:38,540 DEBUG::RCVD::(guesses ("xvsjvgbvh" "vw" "nuifæab" "dluukeivq" "wærbilw"))
2016-08-31 22:13:38,540 INFO::BRCAST::(correct "KTXZA00BG9O2FK8ZWEJN" (0 0 0 0 0))
2016-08-31 22:13:39,040 DEBUG::RCVD::(guesses ("wrskræg" "pz" "rpwj" "jdvicm" "mxpåtræn"))
2016-08-31 22:13:39,040 INFO::BRCAST::(correct "KTXZA00BG9O2FK8ZWEJN" (0 0 0 0 0))
2016-08-31 22:13:39,538 INFO::BRCAST::(tick 3)
2016-08-31 22:13:39,540 DEBUG::RCVD::(guesses ("å" "dslvfmød" "åjk" "øru" "xzpe"))
2016-08-31 22:13:39,540 INFO::BRCAST::(correct "KTXZA00BG9O2FK8ZWEJN" (0 0 0 0 0))
2016-08-31 22:13:40,040 DEBUG::RCVD::(guesses ("nbsn" "kogg" "h" "lteåvqg" "pui"))
2016-08-31 22:13:40,040 INFO::BRCAST::(correct "KTXZA00BG9O2FK8ZWEJN" (0 0 0 0 0))
2016-08-31 22:13:40,538 INFO::BRCAST::(tick 2)
2016-08-31 22:13:40,540 DEBUG::RCVD::(guesses ("pjqå" "cjlcåøånd" "prgojjz" "af" "uhvxu"))
2016-08-31 22:13:40,540 INFO::BRCAST::(correct "KTXZA00BG9O2FK8ZWEJN" (0 0 0 0 0))
2016-08-31 22:13:41,040 DEBUG::RCVD::(guesses ("åptgfwhxh" "æhpfr" "jn" "uåfe" "aæøyyoto"))
2016-08-31 22:13:41,040 INFO::BRCAST::(correct "KTXZA00BG9O2FK8ZWEJN" (0 0 0 0 0))
2016-08-31 22:13:41,538 INFO::BRCAST::(tick 1)
2016-08-31 22:13:41,540 DEBUG::RCVD::(guesses ("jæi" "tjfjjæf" "qrk" "cælwbgtk" "vtå"))
2016-08-31 22:13:41,540 INFO::BRCAST::(correct "KTXZA00BG9O2FK8ZWEJN" (0 0 0 0 0))
2016-08-31 22:13:42,040 DEBUG::RCVD::(guesses ("gqemåbo" "kcbe" "k" "møcezxph" "yudoxnwc"))
2016-08-31 22:13:42,040 INFO::BRCAST::(correct "KTXZA00BG9O2FK8ZWEJN" (0 0 0 0 0))
2016-08-31 22:13:42,538 INFO::BRCAST::(tick 0)
2016-08-31 22:13:43,539 INFO::BRCAST::(guesses (("uhæmmet" "pics/unin.jpg" "uninhabited") ("mangel" "pics/lack.jpg" "miss/lack") ("anelser" "pics/fears.jpg" "fears") ("stadig" "pics/meer.jpg" "still") ("enten" "pics/jug.jpg" "either")))
2016-08-31 22:13:43,540 INFO::BRCAST::(reset)
2016-08-31 22:13:47,543 INFO::BRCAST::(ready)
2016-08-31 22:13:47,544 INFO::BRCAST::(total_time 30)
2016-08-31 22:13:47,544 INFO::BRCAST::(players ("KTXZA00BG9O2FK8ZWEJN" "01UOLGECJY931R20Q4Q2"))
2016-08-31 22:13:47,544 INFO::BRCAST::(words (("built" "pics/built.jpg") ("rather" "pics/rather.jpg") ("reach" "pics/reach.jpg") ("least/slightest" "pics/least.jpg") ("unchanged" "pics/unch.jpg")))
2016-08-31 22:13:47,545 INFO::BRCAST::(tick 29)
2016-08-31 22:13:48,046 DEBUG::RCVD::(guesses ("uod" "wiztzpfs" "cncsjgåax" "gs" "uændrede"))
2016-08-31 22:13:48,046 INFO::BRCAST::(correct "KTXZA00BG9O2FK8ZWEJN" (0 0 0 0 1))
2016-08-31 22:13:48,545 INFO::BRCAST::(tick 28)
2016-08-31 22:13:48,546 DEBUG::RCVD::(guesses ("o" "ån" "øcåærffha" "yhcqqi" "u"))
2016-08-31 22:13:48,546 INFO::BRCAST::(correct "KTXZA00BG9O2FK8ZWEJN" (0 0 0 0 0))
2016-08-31 22:13:49,046 DEBUG::RCVD::(guesses ("ql" "å" "rgkxrtuyk" "rgyyyu" "loojyg"))
2016-08-31 22:13:49,047 INFO::BRCAST::(correct "KTXZA00BG9O2FK8ZWEJN" (0 0 0 0 0))
2016-08-31 22:13:49,545 INFO::BRCAST::(tick 27)
2016-08-31 22:13:49,546 DEBUG::RCVD::(guesses ("mccyxbl" "uz" "f" "u" "ygtøz"))
2016-08-31 22:13:49,546 INFO::BRCAST::(correct "KTXZA00BG9O2FK8ZWEJN" (0 0 0 0 0))
2016-08-31 22:13:50,046 DEBUG::RCVD::(guesses ("oøp" "jukdqch" "glx" "jjgsetilu" "bavtyusz"))
2016-08-31 22:13:50,046 INFO::BRCAST::(correct "KTXZA00BG9O2FK8ZWEJN" (0 0 0 0 0))
2016-08-31 22:13:50,545 INFO::BRCAST::(tick 26)
2016-08-31 22:13:50,546 DEBUG::RCVD::(guesses ("cva" "fpåclv" "lmvkguvnæ" "dzilln" "uændrede"))
2016-08-31 22:13:50,546 INFO::BRCAST::(correct "KTXZA00BG9O2FK8ZWEJN" (0 0 0 0 1))
2016-08-31 22:13:51,046 DEBUG::RCVD::(guesses ("ip" "u" "ieøuawwqr" "dånpkø" "x"))
2016-08-31 22:13:51,046 INFO::BRCAST::(correct "KTXZA00BG9O2FK8ZWEJN" (0 0 0 0 0))
2016-08-31 22:13:51,545 INFO::BRCAST::(tick 25)
2016-08-31 22:13:51,546 DEBUG::RCVD::(guesses ("hwxyra" "jcfv" "snva" "g" "lekx"))
2016-08-31 22:13:51,546 INFO::BRCAST::(correct "KTXZA00BG9O2FK8ZWEJN" (0 0 0 0 0))
2016-08-31 22:13:52,046 DEBUG::RCVD::(guesses ("qloavft" "tåxjmbr" "pe" "ejwxe" "fyfx"))
2016-08-31 22:13:52,047 INFO::BRCAST::(correct "KTXZA00BG9O2FK8ZWEJN" (0 0 0 0 0))
2016-08-31 22:13:52,545 INFO::BRCAST::(tick 24)
2016-08-31 22:13:52,546 DEBUG::RCVD::(guesses ("æåd" "jåbjnpdc" "våsi" "yabaæqq" "uændrede"))
2016-08-31 22:13:52,547 INFO::BRCAST::(correct "KTXZA00BG9O2FK8ZWEJN" (0 0 0 0 1))
2016-08-31 22:13:53,046 DEBUG::RCVD::(guesses ("vnaæjtø" "jlmuzesx" "gh" "tøxgkk" "uændrede"))
2016-08-31 22:13:53,047 INFO::BRCAST::(correct "KTXZA00BG9O2FK8ZWEJN" (0 0 0 0 1))
2016-08-31 22:13:53,545 INFO::BRCAST::(tick 23)
2016-08-31 22:13:53,546 DEBUG::RCVD::(guesses ("å" "iawhxiib" "ædwxqøå" "z" "uændrede"))
2016-08-31 22:13:53,546 INFO::BRCAST::(correct "KTXZA00BG9O2FK8ZWEJN" (0 0 0 0 1))
2016-08-31 22:13:54,046 DEBUG::RCVD::(guesses ("jvwæ" "rh" "qavkæbk" "docm" "uændrede"))
2016-08-31 22:13:54,047 INFO::BRCAST::(correct "KTXZA00BG9O2FK8ZWEJN" (0 0 0 0 1))
2016-08-31 22:13:54,545 INFO::BRCAST::(tick 22)
2016-08-31 22:13:54,546 DEBUG::RCVD::(guesses ("fiåcgwxzw" "l" "m" "gxdæk" "uændrede"))
2016-08-31 22:13:54,546 INFO::BRCAST::(correct "KTXZA00BG9O2FK8ZWEJN" (0 0 0 0 1))
2016-08-31 22:13:55,046 DEBUG::RCVD::(guesses ("l" "tdta" "c" "ømsbvivdg" "åvtgz"))
2016-08-31 22:13:55,047 INFO::BRCAST::(correct "KTXZA00BG9O2FK8ZWEJN" (0 0 0 0 0))
2016-08-31 22:13:55,545 INFO::BRCAST::(tick 21)
2016-08-31 22:13:55,546 DEBUG::RCVD::(guesses ("kjjkwu" "shmcv" "crhqøwoa" "wgfgiun" "uændrede"))
2016-08-31 22:13:55,546 INFO::BRCAST::(correct "KTXZA00BG9O2FK8ZWEJN" (0 0 0 0 1))
2016-08-31 22:13:56,046 DEBUG::RCVD::(guesses ("cqbegaaqu" "øåcaiåaxå" "jacs" "kh" "nåsjfu"))
2016-08-31 22:13:56,046 INFO::BRCAST::(correct "KTXZA00BG9O2FK8ZWEJN" (0 0 0 0 0))
2016-08-31 22:13:56,545 INFO::BRCAST::(tick 20)
2016-08-31 22:13:56,546 DEBUG::RCVD::(guesses ("nobuæsøi" "jy" "åcmv" "øiæluå" "uændrede"))
2016-08-31 22:13:56,547 INFO::BRCAST::(correct "KTXZA00BG9O2FK8ZWEJN" (0 0 0 0 1))
2016-08-31 22:13:57,046 DEBUG::RCVD::(guesses ("ykaådh" "pyxgmcv" "æhxm" "sktfhæmnb" "zeo"))
2016-08-31 22:13:57,047 INFO::BRCAST::(correct "KTXZA00BG9O2FK8ZWEJN" (0 0 0 0 0))
2016-08-31 22:13:57,093 DEBUG::RCVD::(guesses ("" "" "række" "mindste" "uændrede"))
2016-08-31 22:13:57,093 INFO::BRCAST::(correct "01UOLGECJY931R20Q4Q2" (0 0 1 1 1))
2016-08-31 22:13:57,545 INFO::BRCAST::(tick 19)
2016-08-31 22:13:57,546 DEBUG::RCVD::(guesses ("oguevæo" "wx" "aax" "uæzp" "uændrede"))
2016-08-31 22:13:57,547 INFO::BRCAST::(correct "KTXZA00BG9O2FK8ZWEJN" (0 0 0 0 1))
2016-08-31 22:13:58,046 DEBUG::RCVD::(guesses ("agåk" "øorfltk" "cgrqbngn" "jyysou" "bxlsrmwim"))
2016-08-31 22:13:58,047 INFO::BRCAST::(correct "KTXZA00BG9O2FK8ZWEJN" (0 0 0 0 0))
2016-08-31 22:13:58,545 INFO::BRCAST::(tick 18)
2016-08-31 22:13:58,546 DEBUG::RCVD::(guesses ("qrg" "vkffwqa" "npodoqu" "sdøun" "uændrede"))
2016-08-31 22:13:58,546 INFO::BRCAST::(correct "KTXZA00BG9O2FK8ZWEJN" (0 0 0 0 1))
2016-08-31 22:13:59,046 DEBUG::RCVD::(guesses ("cåi" "ainco" "hayrqvs" "uihtb" "wfek"))
2016-08-31 22:13:59,047 INFO::BRCAST::(correct "KTXZA00BG9O2FK8ZWEJN" (0 0 0 0 0))
2016-08-31 22:13:59,545 INFO::BRCAST::(tick 17)
2016-08-31 22:13:59,546 DEBUG::RCVD::(guesses ("olldkp" "åqt" "lqy" "æuvkas" "uændrede"))
2016-08-31 22:13:59,546 INFO::BRCAST::(correct "KTXZA00BG9O2FK8ZWEJN" (0 0 0 0 1))
2016-08-31 22:14:00,046 DEBUG::RCVD::(guesses ("mwna" "hvå" "brrhåctb" "qamro" "ocybxæå"))
2016-08-31 22:14:00,046 INFO::BRCAST::(correct "KTXZA00BG9O2FK8ZWEJN" (0 0 0 0 0))
2016-08-31 22:14:00,545 INFO::BRCAST::(tick 16)
2016-08-31 22:14:00,546 DEBUG::RCVD::(guesses ("øfvh" "aqau" "pxgkm" "æååseø" "uændrede"))
2016-08-31 22:14:00,547 INFO::BRCAST::(correct "KTXZA00BG9O2FK8ZWEJN" (0 0 0 0 1))
2016-08-31 22:14:00,726 DEBUG::RCVD::(guesses ("indbygget" "" "række" "mindste" "uændrede"))
2016-08-31 22:14:00,726 INFO::BRCAST::(correct "01UOLGECJY931R20Q4Q2" (1 0 1 1 1))
2016-08-31 22:14:01,046 DEBUG::RCVD::(guesses ("zvgq" "cååuuz" "bvxf" "bvånvbååg" "uændrede"))
2016-08-31 22:14:01,046 INFO::BRCAST::(correct "KTXZA00BG9O2FK8ZWEJN" (0 0 0 0 1))
2016-08-31 22:14:01,545 INFO::BRCAST::(tick 15)
2016-08-31 22:14:01,547 DEBUG::RCVD::(guesses ("føasæ" "s" "zeoadøaz" "i" "uændrede"))
2016-08-31 22:14:01,547 INFO::BRCAST::(correct "KTXZA00BG9O2FK8ZWEJN" (0 0 0 0 1))
2016-08-31 22:14:02,046 DEBUG::RCVD::(guesses ("øvxd" "zz" "ågdbmuk" "kkqqwxp" "yrnxds"))
2016-08-31 22:14:02,046 INFO::BRCAST::(correct "KTXZA00BG9O2FK8ZWEJN" (0 0 0 0 0))
2016-08-31 22:14:02,545 INFO::BRCAST::(tick 14)
2016-08-31 22:14:02,546 DEBUG::RCVD::(guesses ("tungkg" "hxoliur" "geøåz" "j" "uændrede"))
2016-08-31 22:14:02,546 INFO::BRCAST::(correct "KTXZA00BG9O2FK8ZWEJN" (0 0 0 0 1))
2016-08-31 22:14:03,046 DEBUG::RCVD::(guesses ("æc" "ø" "rulimxul" "pøsæl" "uændrede"))
2016-08-31 22:14:03,046 INFO::BRCAST::(correct "KTXZA00BG9O2FK8ZWEJN" (0 0 0 0 1))
2016-08-31 22:14:03,493 DEBUG::RCVD::(guesses ("indbygget" "snarere" "række" "mindste" "uændrede"))
2016-08-31 22:14:03,493 INFO::BRCAST::(winner "01UOLGECJY931R20Q4Q2")
2016-08-31 22:14:03,494 INFO::BRCAST::(guesses (("indbygget" "pics/built.jpg" "built") ("snarere" "pics/rather.jpg" "rather") ("række" "pics/reach.jpg" "reach") ("mindste" "pics/least.jpg" "least/slightest") ("uændrede" "pics/unch.jpg" "unchanged")))
2016-08-31 22:14:03,494 INFO::BRCAST::(reset)
2016-08-31 22:14:07,498 INFO::BRCAST::(ready)
2016-08-31 22:14:07,498 INFO::BRCAST::(total_time 30)
2016-08-31 22:14:07,498 INFO::BRCAST::(players ("KTXZA00BG9O2FK8ZWEJN" "01UOLGECJY931R20Q4Q2"))
2016-08-31 22:14:07,499 INFO::BRCAST::(words (("clearly" "pics/cl.jpg") ("freedom of speech" "pics/frees.jpg") ("still" "pics/meer.jpg") ("noisy" "pics/noisy.jpg") ("than" "pics/than.jpg")))
2016-08-31 22:14:07,499 INFO::BRCAST::(tick 29)
2016-08-31 22:14:07,501 DEBUG::RCVD::(guesses ("imlhl" "f" "stadig" "kamrdtø" "iøynmz"))
2016-08-31 22:14:07,502 INFO::BRCAST::(correct "KTXZA00BG9O2FK8ZWEJN" (0 0 1 0 0))
2016-08-31 22:14:08,001 DEBUG::RCVD::(guesses ("m" "sqgbvrt" "ur" "gnht" "spåpnqk"))
2016-08-31 22:14:08,001 INFO::BRCAST::(correct "KTXZA00BG9O2FK8ZWEJN" (0 0 0 0 0))
2016-08-31 22:14:08,500 INFO::BRCAST::(tick 28)
2016-08-31 22:14:08,501 DEBUG::RCVD::(guesses ("æzgqhfndj" "u" "stadig" "fåuuæ" "æwthha"))
2016-08-31 22:14:08,502 INFO::BRCAST::(correct "KTXZA00BG9O2FK8ZWEJN" (0 0 1 0 0))
2016-08-31 22:14:09,001 DEBUG::RCVD::(guesses ("ltghhb" "nct" "stadig" "gøøgcekhe" "xnrlc"))
2016-08-31 22:14:09,002 INFO::BRCAST::(correct "KTXZA00BG9O2FK8ZWEJN" (0 0 1 0 0))
2016-08-31 22:14:09,499 INFO::BRCAST::(tick 27)
2016-08-31 22:14:09,501 DEBUG::RCVD::(guesses ("tzxkkvh" "p" "stadig" "satk" "wærajtu"))
2016-08-31 22:14:09,501 INFO::BRCAST::(correct "KTXZA00BG9O2FK8ZWEJN" (0 0 1 0 0))
2016-08-31 22:14:10,001 DEBUG::RCVD::(guesses ("nuucqjhif" "rct" "stadig" "vcjzøaxvi" "vuxgllx"))
2016-08-31 22:14:10,001 INFO::BRCAST::(correct "KTXZA00BG9O2FK8ZWEJN" (0 0 1 0 0))
2016-08-31 22:14:10,500 INFO::BRCAST::(tick 26)
2016-08-31 22:14:10,501 DEBUG::RCVD::(guesses ("dw" "azqåyyæ" "ew" "todriæ" "xrahkj"))
2016-08-31 22:14:10,501 INFO::BRCAST::(correct "KTXZA00BG9O2FK8ZWEJN" (0 0 0 0 0))
2016-08-31 22:14:11,001 DEBUG::RCVD::(guesses ("kyvhohdåh" "enolge" "vp" "ddgzprbv" "xvøe"))
2016-08-31 22:14:11,001 INFO::BRCAST::(correct "KTXZA00BG9O2FK8ZWEJN" (0 0 0 0 0))
2016-08-31 22:14:11,500 INFO::BRCAST::(tick 25)
2016-08-31 22:14:11,501 DEBUG::RCVD::(guesses ("xtjplmxr" "tktjxqc" "stadig" "o" "øbbqz"))
2016-08-31 22:14:11,501 INFO::BRCAST::(correct "KTXZA00BG9O2FK8ZWEJN" (0 0 1 0 0))
2016-08-31 22:14:12,001 DEBUG::RCVD::(guesses ("øzlmey" "ta" "tn" "sruqvgæbx" "hstræræp"))
2016-08-31 22:14:12,001 INFO::BRCAST::(correct "KTXZA00BG9O2FK8ZWEJN" (0 0 0 0 0))
2016-08-31 22:14:12,499 INFO::BRCAST::(tick 24)
2016-08-31 22:14:12,501 DEBUG::RCVD::(guesses ("æpøay" "bfrl" "stadig" "nøxyc" "zz"))
2016-08-31 22:14:12,501 INFO::BRCAST::(correct "KTXZA00BG9O2FK8ZWEJN" (0 0 1 0 0))
2016-08-31 22:14:13,001 DEBUG::RCVD::(guesses ("gosqwav" "nføpxrde" "stadig" "dfw" "ofxerjp"))
2016-08-31 22:14:13,001 INFO::BRCAST::(correct "KTXZA00BG9O2FK8ZWEJN" (0 0 1 0 0))
2016-08-31 22:14:13,500 INFO::BRCAST::(tick 23)
2016-08-31 22:14:13,501 DEBUG::RCVD::(guesses ("uurtå" "dygysdnz" "sekz" "cqøcy" "afrmævek"))
2016-08-31 22:14:13,501 INFO::BRCAST::(correct "KTXZA00BG9O2FK8ZWEJN" (0 0 0 0 0))
2016-08-31 22:14:13,626 DEBUG::RCVD::(guesses ("" "ytringsfrihed" "" "" ""))
2016-08-31 22:14:13,627 INFO::BRCAST::(correct "01UOLGECJY931R20Q4Q2" (0 1 0 0 0))
2016-08-31 22:14:14,001 DEBUG::RCVD::(guesses ("qvtngpp" "legwhri" "hingåb" "lau" "auhcb"))
2016-08-31 22:14:14,002 INFO::BRCAST::(correct "KTXZA00BG9O2FK8ZWEJN" (0 0 0 0 0))
2016-08-31 22:14:14,500 INFO::BRCAST::(tick 22)
2016-08-31 22:14:14,501 DEBUG::RCVD::(guesses ("ipørmdfæ" "qygåvu" "stadig" "nsy" "ftfeq"))
2016-08-31 22:14:14,501 INFO::BRCAST::(correct "KTXZA00BG9O2FK8ZWEJN" (0 0 1 0 0))
2016-08-31 22:14:15,001 DEBUG::RCVD::(guesses ("mbjtvsrø" "zeqøbåm" "bfk" "imøtlæest" "pnlndkkås"))
2016-08-31 22:14:15,001 INFO::BRCAST::(correct "KTXZA00BG9O2FK8ZWEJN" (0 0 0 0 0))
2016-08-31 22:14:15,499 INFO::BRCAST::(tick 21)
2016-08-31 22:14:15,501 DEBUG::RCVD::(guesses ("kkywprk" "nvljwoomn" "stadig" "udrætdzdm" "xrqvblmt"))
2016-08-31 22:14:15,501 INFO::BRCAST::(correct "KTXZA00BG9O2FK8ZWEJN" (0 0 1 0 0))
2016-08-31 22:14:16,001 DEBUG::RCVD::(guesses ("mzijqoun" "xkuta" "stadig" "jekh" "ækioh"))
2016-08-31 22:14:16,001 INFO::BRCAST::(correct "KTXZA00BG9O2FK8ZWEJN" (0 0 1 0 0))
2016-08-31 22:14:16,500 INFO::BRCAST::(tick 20)
2016-08-31 22:14:16,501 DEBUG::RCVD::(guesses ("øs" "åvrnccx" "stadig" "rypfzodju" "llw"))
2016-08-31 22:14:16,501 INFO::BRCAST::(correct "KTXZA00BG9O2FK8ZWEJN" (0 0 1 0 0))
2016-08-31 22:14:17,001 DEBUG::RCVD::(guesses ("påh" "ohøf" "stadig" "økipd" "upugnzqv"))
2016-08-31 22:14:17,001 INFO::BRCAST::(correct "KTXZA00BG9O2FK8ZWEJN" (0 0 1 0 0))
2016-08-31 22:14:17,499 INFO::BRCAST::(tick 19)
2016-08-31 22:14:17,501 DEBUG::RCVD::(guesses ("wewbfz" "æ" "stadig" "mkpirlgjn" "b"))
2016-08-31 22:14:17,501 INFO::BRCAST::(correct "KTXZA00BG9O2FK8ZWEJN" (0 0 1 0 0))
2016-08-31 22:14:18,001 DEBUG::RCVD::(guesses ("fhyøæ" "s" "å" "lhnnvaxf" "åqet"))
2016-08-31 22:14:18,001 INFO::BRCAST::(correct "KTXZA00BG9O2FK8ZWEJN" (0 0 0 0 0))
2016-08-31 22:14:18,500 INFO::BRCAST::(tick 18)
2016-08-31 22:14:18,501 DEBUG::RCVD::(guesses ("bgpmvvkåe" "eep" "stadig" "iøtsbhfi" "cafbqzh"))
2016-08-31 22:14:18,501 INFO::BRCAST::(correct "KTXZA00BG9O2FK8ZWEJN" (0 0 1 0 0))
2016-08-31 22:14:19,001 DEBUG::RCVD::(guesses ("pfiz" "kslbød" "stadig" "mcmyy" "sjæøgøfl"))
2016-08-31 22:14:19,001 INFO::BRCAST::(correct "KTXZA00BG9O2FK8ZWEJN" (0 0 1 0 0))
2016-08-31 22:14:19,499 INFO::BRCAST::(tick 17)
2016-08-31 22:14:19,501 DEBUG::RCVD::(guesses ("ayzlucgæh" "ifqd" "stadig" "tqpæy" "felcjacly"))
2016-08-31 22:14:19,501 INFO::BRCAST::(correct "KTXZA00BG9O2FK8ZWEJN" (0 0 1 0 0))
2016-08-31 22:14:20,002 DEBUG::RCVD::(guesses ("æc" "bombwrm" "stadig" "dæ" "wpnctlv"))
2016-08-31 22:14:20,002 INFO::BRCAST::(correct "KTXZA00BG9O2FK8ZWEJN" (0 0 1 0 0))
2016-08-31 22:14:20,499 INFO::BRCAST::(tick 16)
2016-08-31 22:14:20,501 DEBUG::RCVD::(guesses ("vq" "rzgcrdlkr" "stadig" "vchhim" "qyhløy"))
2016-08-31 22:14:20,503 INFO::BRCAST::(correct "KTXZA00BG9O2FK8ZWEJN" (0 0 1 0 0))
2016-08-31 22:14:21,001 DEBUG::RCVD::(guesses ("gtrqkorol" "a" "tvvr" "jhldpdd" "n"))
2016-08-31 22:14:21,002 INFO::BRCAST::(correct "KTXZA00BG9O2FK8ZWEJN" (0 0 0 0 0))
2016-08-31 22:14:21,500 INFO::BRCAST::(tick 15)
2016-08-31 22:14:21,501 DEBUG::RCVD::(guesses ("nebplj" "øvrwkvphd" "stadig" "lccowqaw" "æqjpian"))
2016-08-31 22:14:21,502 INFO::BRCAST::(correct "KTXZA00BG9O2FK8ZWEJN" (0 0 1 0 0))
2016-08-31 22:14:21,759 DEBUG::RCVD::(guesses ("" "ytringsfrihed" "" "lamerdne" ""))
2016-08-31 22:14:21,760 INFO::BRCAST::(correct "01UOLGECJY931R20Q4Q2" (0 1 0 0 0))
2016-08-31 22:14:22,001 DEBUG::RCVD::(guesses ("gnh" "fk" "stadig" "vdxmaåøås" "fmegdv"))
2016-08-31 22:14:22,002 INFO::BRCAST::(correct "KTXZA00BG9O2FK8ZWEJN" (0 0 1 0 0))
2016-08-31 22:14:22,500 INFO::BRCAST::(tick 14)
2016-08-31 22:14:22,501 DEBUG::RCVD::(guesses ("m" "ygokggtm" "stadig" "icrlohøøk" "vgåf"))
2016-08-31 22:14:22,502 INFO::BRCAST::(correct "KTXZA00BG9O2FK8ZWEJN" (0 0 1 0 0))
2016-08-31 22:14:23,002 DEBUG::RCVD::(guesses ("dnppzh" "rzjwxs" "hcou" "eeyhåæ" "phz"))
2016-08-31 22:14:23,002 INFO::BRCAST::(correct "KTXZA00BG9O2FK8ZWEJN" (0 0 0 0 0))
2016-08-31 22:14:23,499 INFO::BRCAST::(tick 13)
2016-08-31 22:14:23,501 DEBUG::RCVD::(guesses ("gwp" "xddm" "stadig" "yant" "kwøej"))
2016-08-31 22:14:23,501 INFO::BRCAST::(correct "KTXZA00BG9O2FK8ZWEJN" (0 0 1 0 0))
2016-08-31 22:14:24,001 DEBUG::RCVD::(guesses ("z" "upepj" "stadig" "jsq" "hgå"))
2016-08-31 22:14:24,002 INFO::BRCAST::(correct "KTXZA00BG9O2FK8ZWEJN" (0 0 1 0 0))
2016-08-31 22:14:24,500 INFO::BRCAST::(tick 12)
2016-08-31 22:14:24,501 DEBUG::RCVD::(guesses ("rsjb" "xmhflyu" "xdqgsbea" "m" "iwnl"))
2016-08-31 22:14:24,501 INFO::BRCAST::(correct "KTXZA00BG9O2FK8ZWEJN" (0 0 0 0 0))
2016-08-31 22:14:25,001 DEBUG::RCVD::(guesses ("mu" "l" "nigz" "idrttåa" "q"))
2016-08-31 22:14:25,002 INFO::BRCAST::(correct "KTXZA00BG9O2FK8ZWEJN" (0 0 0 0 0))
2016-08-31 22:14:25,500 INFO::BRCAST::(tick 11)
2016-08-31 22:14:25,501 DEBUG::RCVD::(guesses ("rjxnøess" "k" "stadig" "ærgtræ" "h"))
2016-08-31 22:14:25,501 INFO::BRCAST::(correct "KTXZA00BG9O2FK8ZWEJN" (0 0 1 0 0))
2016-08-31 22:14:25,793 DEBUG::RCVD::(guesses ("" "ytringsfrihed" "" "lamerde" ""))
2016-08-31 22:14:25,794 INFO::BRCAST::(correct "01UOLGECJY931R20Q4Q2" (0 1 0 0 0))
2016-08-31 22:14:26,001 DEBUG::RCVD::(guesses ("icbbnwbun" "snkwmflv" "stadig" "emmææ" "røzxqtqz"))
2016-08-31 22:14:26,001 INFO::BRCAST::(correct "KTXZA00BG9O2FK8ZWEJN" (0 0 1 0 0))
2016-08-31 22:14:26,499 INFO::BRCAST::(tick 10)
2016-08-31 22:14:26,501 DEBUG::RCVD::(guesses ("øp" "tc" "stadig" "vrzvdupf" "dqvjøraj"))
2016-08-31 22:14:26,501 INFO::BRCAST::(correct "KTXZA00BG9O2FK8ZWEJN" (0 0 1 0 0))
2016-08-31 22:14:27,001 DEBUG::RCVD::(guesses ("fmg" "ajeii" "h" "næucwhzz" "xf"))
2016-08-31 22:14:27,002 INFO::BRCAST::(correct "KTXZA00BG9O2FK8ZWEJN" (0 0 0 0 0))
2016-08-31 22:14:27,500 INFO::BRCAST::(tick 9)
2016-08-31 22:14:27,501 DEBUG::RCVD::(guesses ("bab" "zkciomz" "stadig" "yfkov" "xtuntpuw"))
2016-08-31 22:14:27,501 INFO::BRCAST::(correct "KTXZA00BG9O2FK8ZWEJN" (0 0 1 0 0))
2016-08-31 22:14:28,001 DEBUG::RCVD::(guesses ("kev" "fhø" "stadig" "orowtaac" "glfv"))
2016-08-31 22:14:28,002 INFO::BRCAST::(correct "KTXZA00BG9O2FK8ZWEJN" (0 0 1 0 0))
2016-08-31 22:14:28,499 INFO::BRCAST::(tick 8)
2016-08-31 22:14:28,501 DEBUG::RCVD::(guesses ("o" "zmgnajæo" "epdydigbu" "x" "c"))
2016-08-31 22:14:28,501 INFO::BRCAST::(correct "KTXZA00BG9O2FK8ZWEJN" (0 0 0 0 0))
2016-08-31 22:14:28,993 DEBUG::RCVD::(guesses ("" "ytringsfrihed" "" "larmende" ""))
2016-08-31 22:14:28,993 INFO::BRCAST::(correct "01UOLGECJY931R20Q4Q2" (0 1 0 1 0))
2016-08-31 22:14:29,001 DEBUG::RCVD::(guesses ("goiolb" "thqcjsmn" "stadig" "æq" "reqæfv"))
2016-08-31 22:14:29,002 INFO::BRCAST::(correct "KTXZA00BG9O2FK8ZWEJN" (0 0 1 0 0))
2016-08-31 22:14:29,500 INFO::BRCAST::(tick 7)
2016-08-31 22:14:29,501 DEBUG::RCVD::(guesses ("dekx" "lgm" "uæåiquwft" "swzski" "xa"))
2016-08-31 22:14:29,502 INFO::BRCAST::(correct "KTXZA00BG9O2FK8ZWEJN" (0 0 0 0 0))
2016-08-31 22:14:30,001 DEBUG::RCVD::(guesses ("gboxrix" "ælxtwzhl" "stadig" "vt" "fidtjq"))
2016-08-31 22:14:30,001 INFO::BRCAST::(correct "KTXZA00BG9O2FK8ZWEJN" (0 0 1 0 0))
2016-08-31 22:14:30,500 INFO::BRCAST::(tick 6)
2016-08-31 22:14:30,501 DEBUG::RCVD::(guesses ("kjrv" "dcfcmjø" "stadig" "cdyan" "xhrzha"))
2016-08-31 22:14:30,501 INFO::BRCAST::(correct "KTXZA00BG9O2FK8ZWEJN" (0 0 1 0 0))
2016-08-31 22:14:30,826 DEBUG::RCVD::(guesses ("" "ytringsfrihed" "" "larmende" "end"))
2016-08-31 22:14:30,827 INFO::BRCAST::(correct "01UOLGECJY931R20Q4Q2" (0 1 0 1 1))
2016-08-31 22:14:31,001 DEBUG::RCVD::(guesses ("iq" "sfnjm" "stadig" "mxw" "øld"))
2016-08-31 22:14:31,001 INFO::BRCAST::(correct "KTXZA00BG9O2FK8ZWEJN" (0 0 1 0 0))
2016-08-31 22:14:31,499 INFO::BRCAST::(tick 5)
2016-08-31 22:14:31,501 DEBUG::RCVD::(guesses ("tfxgw" "sjlæqåcrq" "stadig" "køhnæ" "mq"))
2016-08-31 22:14:31,501 INFO::BRCAST::(correct "KTXZA00BG9O2FK8ZWEJN" (0 0 1 0 0))
2016-08-31 22:14:32,001 DEBUG::RCVD::(guesses ("ldbt" "bdca" "stadig" "ætxcondsb" "cuø"))
2016-08-31 22:14:32,001 INFO::BRCAST::(correct "KTXZA00BG9O2FK8ZWEJN" (0 0 1 0 0))
2016-08-31 22:14:32,500 INFO::BRCAST::(tick 4)
2016-08-31 22:14:32,501 DEBUG::RCVD::(guesses ("lptehcfq" "vzaqp" "stadig" "ekxiæzxed" "æwl"))
2016-08-31 22:14:32,501 INFO::BRCAST::(correct "KTXZA00BG9O2FK8ZWEJN" (0 0 1 0 0))
2016-08-31 22:14:33,001 DEBUG::RCVD::(guesses ("bbfxbc" "åpcæå" "stadig" "æyobzk" "qpytdy"))
2016-08-31 22:14:33,001 INFO::BRCAST::(correct "KTXZA00BG9O2FK8ZWEJN" (0 0 1 0 0))
2016-08-31 22:14:33,500 INFO::BRCAST::(tick 3)
2016-08-31 22:14:33,501 DEBUG::RCVD::(guesses ("waqagof" "waepcxæ" "stadig" "nij" "dhxivyze"))
2016-08-31 22:14:33,501 INFO::BRCAST::(correct "KTXZA00BG9O2FK8ZWEJN" (0 0 1 0 0))
2016-08-31 22:14:34,001 DEBUG::RCVD::(guesses ("xcrldæbuz" "dhuukzprv" "ge" "lcj" "røjafå"))
2016-08-31 22:14:34,002 INFO::BRCAST::(correct "KTXZA00BG9O2FK8ZWEJN" (0 0 0 0 0))
2016-08-31 22:14:34,500 INFO::BRCAST::(tick 2)
2016-08-31 22:14:34,501 DEBUG::RCVD::(guesses ("måldqcuk" "wødrdoz" "stadig" "tuzbx" "oovjvwoso"))
2016-08-31 22:14:34,502 INFO::BRCAST::(correct "KTXZA00BG9O2FK8ZWEJN" (0 0 1 0 0))
2016-08-31 22:14:35,002 DEBUG::RCVD::(guesses ("løqz" "zahæb" "h" "tc" "itfwø"))
2016-08-31 22:14:35,002 INFO::BRCAST::(correct "KTXZA00BG9O2FK8ZWEJN" (0 0 0 0 0))
2016-08-31 22:14:35,393 DEBUG::RCVD::(guesses ("klart" "ytringsfrihed" "" "larmende" "end"))
2016-08-31 22:14:35,393 INFO::BRCAST::(correct "01UOLGECJY931R20Q4Q2" (1 1 0 1 1))
2016-08-31 22:14:35,499 INFO::BRCAST::(tick 1)
2016-08-31 22:14:35,501 DEBUG::RCVD::(guesses ("ofqaqyaty" "tmgvijsjn" "kncivum" "rphcusjtt" "g"))
2016-08-31 22:14:35,501 INFO::BRCAST::(correct "KTXZA00BG9O2FK8ZWEJN" (0 0 0 0 0))
2016-08-31 22:14:36,001 DEBUG::RCVD::(guesses ("fwidjiez" "mdoddpdø" "hqfcåy" "omnxyc" "åælluæ"))
2016-08-31 22:14:36,001 INFO::BRCAST::(correct "KTXZA00BG9O2FK8ZWEJN" (0 0 0 0 0))
2016-08-31 22:14:36,500 INFO::BRCAST::(tick 0)
2016-08-31 22:14:37,500 INFO::BRCAST::(guesses (("klart" "pics/cl.jpg" "clearly") ("ytringsfrihed" "pics/frees.jpg" "freedom of speech") ("stadig" "pics/meer.jpg" "still") ("larmende" "pics/noisy.jpg" "noisy") ("end" "pics/than.jpg" "than")))
2016-08-31 22:14:37,501 INFO::BRCAST::(reset)
2016-08-31 22:14:41,504 INFO::BRCAST::(ready)
2016-08-31 22:14:41,504 INFO::BRCAST::(total_time 30)
2016-08-31 22:14:41,504 INFO::BRCAST::(players ("KTXZA00BG9O2FK8ZWEJN" "01UOLGECJY931R20Q4Q2"))
2016-08-31 22:14:41,505 INFO::BRCAST::(words (("tried" "pics/tried.jpg") ("leaves" "pics/leaf.jpg") ("questionable" "pics/hmm.jpg") ("cornflower" "pics/cornflower.jpg") ("imagine" "pics/imagine.jpg")))
2016-08-31 22:14:41,505 INFO::BRCAST::(tick 29)
2016-08-31 22:14:42,007 DEBUG::RCVD::(guesses ("skv" "nbn" "pqzg" "rkgs" "bzcflwh"))
2016-08-31 22:14:42,007 INFO::BRCAST::(correct "KTXZA00BG9O2FK8ZWEJN" (0 0 0 0 0))
2016-08-31 22:14:42,505 INFO::BRCAST::(tick 28)
2016-08-31 22:14:42,507 DEBUG::RCVD::(guesses ("mfqålzlhm" "oøfzawzz" "clce" "qfkøepbpu" "nnolf"))
2016-08-31 22:14:42,507 INFO::BRCAST::(correct "KTXZA00BG9O2FK8ZWEJN" (0 0 0 0 0))
2016-08-31 22:14:43,007 DEBUG::RCVD::(guesses ("unrczvx" "uågbwr" "pcøtdrøå" "arx" "hfl"))
2016-08-31 22:14:43,007 INFO::BRCAST::(correct "KTXZA00BG9O2FK8ZWEJN" (0 0 0 0 0))
2016-08-31 22:14:43,506 INFO::BRCAST::(tick 27)
2016-08-31 22:14:43,507 DEBUG::RCVD::(guesses ("ls" "ehrrkzu" "tmcl" "onloan" "qødkalal"))
2016-08-31 22:14:43,507 INFO::BRCAST::(correct "KTXZA00BG9O2FK8ZWEJN" (0 0 0 0 0))
2016-08-31 22:14:44,007 DEBUG::RCVD::(guesses ("octn" "lfqs" "oazpsqb" "qdmpn" "ensmåxrvd"))
2016-08-31 22:14:44,007 INFO::BRCAST::(correct "KTXZA00BG9O2FK8ZWEJN" (0 0 0 0 0))
2016-08-31 22:14:44,506 INFO::BRCAST::(tick 26)
2016-08-31 22:14:44,507 DEBUG::RCVD::(guesses ("vsfsryf" "åeanyph" "æthjgosn" "cgnsekw" "ltcyr"))
2016-08-31 22:14:44,507 INFO::BRCAST::(correct "KTXZA00BG9O2FK8ZWEJN" (0 0 0 0 0))
2016-08-31 22:14:45,007 DEBUG::RCVD::(guesses ("ka" "njm" "ynjkj" "srtnjv" "c"))
2016-08-31 22:14:45,007 INFO::BRCAST::(correct "KTXZA00BG9O2FK8ZWEJN" (0 0 0 0 0))
2016-08-31 22:14:45,505 INFO::BRCAST::(tick 25)
2016-08-31 22:14:45,507 DEBUG::RCVD::(guesses ("åmr" "ofzærrxnq" "zhcehææh" "sz" "mnaxdgs"))
2016-08-31 22:14:45,507 INFO::BRCAST::(correct "KTXZA00BG9O2FK8ZWEJN" (0 0 0 0 0))
2016-08-31 22:14:46,007 DEBUG::RCVD::(guesses ("cwzzkkåd" "h" "wodrjewt" "aåyjå" "vaårk"))
2016-08-31 22:14:46,007 INFO::BRCAST::(correct "KTXZA00BG9O2FK8ZWEJN" (0 0 0 0 0))
2016-08-31 22:14:46,505 INFO::BRCAST::(tick 24)
2016-08-31 22:14:46,507 DEBUG::RCVD::(guesses ("gdv" "rdivc" "f" "åzkå" "bxpægøpxm"))
2016-08-31 22:14:46,507 INFO::BRCAST::(correct "KTXZA00BG9O2FK8ZWEJN" (0 0 0 0 0))
2016-08-31 22:14:46,559 DEBUG::RCVD::(guesses ("" "bladene" "" "" ""))
2016-08-31 22:14:46,560 INFO::BRCAST::(correct "01UOLGECJY931R20Q4Q2" (0 1 0 0 0))
2016-08-31 22:14:47,007 DEBUG::RCVD::(guesses ("mhixtu" "kahvoos" "q" "tfe" "løfdkr"))
2016-08-31 22:14:47,007 INFO::BRCAST::(correct "KTXZA00BG9O2FK8ZWEJN" (0 0 0 0 0))
2016-08-31 22:14:47,505 INFO::BRCAST::(tick 23)
2016-08-31 22:14:47,507 DEBUG::RCVD::(guesses ("pj" "cnfievpjc" "wå" "løvwclku" "zfrlr"))
2016-08-31 22:14:47,507 INFO::BRCAST::(correct "KTXZA00BG9O2FK8ZWEJN" (0 0 0 0 0))
2016-08-31 22:14:48,007 DEBUG::RCVD::(guesses ("fwizepbeq" "j" "tfxvgk" "tmnxsie" "cpd"))
2016-08-31 22:14:48,007 INFO::BRCAST::(correct "KTXZA00BG9O2FK8ZWEJN" (0 0 0 0 0))
2016-08-31 22:14:48,506 INFO::BRCAST::(tick 22)
2016-08-31 22:14:48,507 DEBUG::RCVD::(guesses ("bdkpl" "wæhfvh" "o" "og" "kqexcmqns"))
2016-08-31 22:14:48,507 INFO::BRCAST::(correct "KTXZA00BG9O2FK8ZWEJN" (0 0 0 0 0))
2016-08-31 22:14:49,007 DEBUG::RCVD::(guesses ("xqxyocx" "qeldænø" "jl" "ea" "lxujsfcwm"))
2016-08-31 22:14:49,008 INFO::BRCAST::(correct "KTXZA00BG9O2FK8ZWEJN" (0 0 0 0 0))
2016-08-31 22:14:49,506 INFO::BRCAST::(tick 21)
2016-08-31 22:14:49,507 DEBUG::RCVD::(guesses ("ixkf" "ææ" "tutpkc" "æuxxp" "qbwæ"))
2016-08-31 22:14:49,507 INFO::BRCAST::(correct "KTXZA00BG9O2FK8ZWEJN" (0 0 0 0 0))
2016-08-31 22:14:50,007 DEBUG::RCVD::(guesses ("s" "dbutmiå" "lxmqf" "nhdønd" "byymm"))
2016-08-31 22:14:50,007 INFO::BRCAST::(correct "KTXZA00BG9O2FK8ZWEJN" (0 0 0 0 0))
2016-08-31 22:14:50,505 INFO::BRCAST::(tick 20)
2016-08-31 22:14:50,507 DEBUG::RCVD::(guesses ("oypmo" "spli" "ha" "mkkplwgm" "yø"))
2016-08-31 22:14:50,507 INFO::BRCAST::(correct "KTXZA00BG9O2FK8ZWEJN" (0 0 0 0 0))
2016-08-31 22:14:51,007 DEBUG::RCVD::(guesses ("adøwjauå" "kreguof" "beoijy" "xtoioåb" "nmkwå"))
2016-08-31 22:14:51,007 INFO::BRCAST::(correct "KTXZA00BG9O2FK8ZWEJN" (0 0 0 0 0))
2016-08-31 22:14:51,505 INFO::BRCAST::(tick 19)
2016-08-31 22:14:51,507 DEBUG::RCVD::(guesses ("pkgy" "jgvqz" "ddriva" "t" "l"))
2016-08-31 22:14:51,507 INFO::BRCAST::(correct "KTXZA00BG9O2FK8ZWEJN" (0 0 0 0 0))
2016-08-31 22:14:52,007 DEBUG::RCVD::(guesses ("jdsgmdm" "rfeg" "tæfåpmals" "edsbele" "e"))
2016-08-31 22:14:52,007 INFO::BRCAST::(correct "KTXZA00BG9O2FK8ZWEJN" (0 0 0 0 0))
2016-08-31 22:14:52,506 INFO::BRCAST::(tick 18)
2016-08-31 22:14:52,507 DEBUG::RCVD::(guesses ("sæøq" "nyoy" "fbzjcåqj" "skouty" "n"))
2016-08-31 22:14:52,507 INFO::BRCAST::(correct "KTXZA00BG9O2FK8ZWEJN" (0 0 0 0 0))
2016-08-31 22:14:53,007 DEBUG::RCVD::(guesses ("rc" "ll" "svlcpq" "obøtopbær" "vnvdogæt"))
2016-08-31 22:14:53,007 INFO::BRCAST::(correct "KTXZA00BG9O2FK8ZWEJN" (0 0 0 0 0))
2016-08-31 22:14:53,506 INFO::BRCAST::(tick 17)
2016-08-31 22:14:53,507 DEBUG::RCVD::(guesses ("ienbfuyo" "xpl" "fusjæcga" "ecawr" "pdnnæy"))
2016-08-31 22:14:53,507 INFO::BRCAST::(correct "KTXZA00BG9O2FK8ZWEJN" (0 0 0 0 0))
2016-08-31 22:14:54,007 DEBUG::RCVD::(guesses ("e" "xtdclik" "øøe" "xweø" "vwk"))
2016-08-31 22:14:54,007 INFO::BRCAST::(correct "KTXZA00BG9O2FK8ZWEJN" (0 0 0 0 0))
2016-08-31 22:14:54,126 DEBUG::RCVD::(guesses ("" "bladene" "tvivlsom" "kornblomst" ""))
2016-08-31 22:14:54,126 INFO::BRCAST::(correct "01UOLGECJY931R20Q4Q2" (0 1 1 1 0))
2016-08-31 22:14:54,505 INFO::BRCAST::(tick 16)
2016-08-31 22:14:54,507 DEBUG::RCVD::(guesses ("kvp" "u" "æzr" "fdy" "zlgcjmy"))
2016-08-31 22:14:54,507 INFO::BRCAST::(correct "KTXZA00BG9O2FK8ZWEJN" (0 0 0 0 0))
2016-08-31 22:14:55,007 DEBUG::RCVD::(guesses ("ngjad" "oaam" "jlnxegiæ" "nøfdfvdkl" "dnvoafn"))
2016-08-31 22:14:55,007 INFO::BRCAST::(correct "KTXZA00BG9O2FK8ZWEJN" (0 0 0 0 0))
2016-08-31 22:14:55,505 INFO::BRCAST::(tick 15)
2016-08-31 22:14:55,507 DEBUG::RCVD::(guesses ("aguyywdæf" "kiv" "pjt" "zexq" "woxlck"))
2016-08-31 22:14:55,507 INFO::BRCAST::(correct "KTXZA00BG9O2FK8ZWEJN" (0 0 0 0 0))
2016-08-31 22:14:56,007 DEBUG::RCVD::(guesses ("æxui" "mcio" "åerwkmzgi" "qojc" "glw"))
2016-08-31 22:14:56,007 INFO::BRCAST::(correct "KTXZA00BG9O2FK8ZWEJN" (0 0 0 0 0))
2016-08-31 22:14:56,505 INFO::BRCAST::(tick 14)
2016-08-31 22:14:56,507 DEBUG::RCVD::(guesses ("øqgry" "s" "fackbådd" "gazcyiog" "zeqlzbzl"))
2016-08-31 22:14:56,507 INFO::BRCAST::(correct "KTXZA00BG9O2FK8ZWEJN" (0 0 0 0 0))
2016-08-31 22:14:57,007 DEBUG::RCVD::(guesses ("æø" "tqztsårq" "kk" "lmp" "re"))
2016-08-31 22:14:57,007 INFO::BRCAST::(correct "KTXZA00BG9O2FK8ZWEJN" (0 0 0 0 0))
2016-08-31 22:14:57,506 INFO::BRCAST::(tick 13)
2016-08-31 22:14:57,507 DEBUG::RCVD::(guesses ("udsltc" "c" "koywylu" "llv" "jykam"))
2016-08-31 22:14:57,508 INFO::BRCAST::(correct "KTXZA00BG9O2FK8ZWEJN" (0 0 0 0 0))
2016-08-31 22:14:57,759 DEBUG::RCVD::(guesses ("" "bladene" "tvivlsom" "kornblomst" "forestille"))
2016-08-31 22:14:57,760 INFO::BRCAST::(correct "01UOLGECJY931R20Q4Q2" (0 1 1 1 1))
2016-08-31 22:14:58,007 DEBUG::RCVD::(guesses ("xhuueyc" "tx" "h" "j" "fsaugæuf"))
2016-08-31 22:14:58,007 INFO::BRCAST::(correct "KTXZA00BG9O2FK8ZWEJN" (0 0 0 0 0))
2016-08-31 22:14:58,505 INFO::BRCAST::(tick 12)
2016-08-31 22:14:58,507 DEBUG::RCVD::(guesses ("ywhievhjæ" "zøhvttwos" "uf" "egfswhø" "zqæeuc"))
2016-08-31 22:14:58,507 INFO::BRCAST::(correct "KTXZA00BG9O2FK8ZWEJN" (0 0 0 0 0))
2016-08-31 22:14:59,007 DEBUG::RCVD::(guesses ("økc" "yæzkrbojj" "spbyæ" "lnd" "nisn"))
2016-08-31 22:14:59,007 INFO::BRCAST::(correct "KTXZA00BG9O2FK8ZWEJN" (0 0 0 0 0))
2016-08-31 22:14:59,505 INFO::BRCAST::(tick 11)
2016-08-31 22:14:59,507 DEBUG::RCVD::(guesses ("rr" "fzdv" "xøokfqpj" "å" "nvyåohox"))
2016-08-31 22:14:59,507 INFO::BRCAST::(correct "KTXZA00BG9O2FK8ZWEJN" (0 0 0 0 0))
2016-08-31 22:15:00,007 DEBUG::RCVD::(guesses ("xevfgåx" "k" "u" "rogdørxdd" "wå"))
2016-08-31 22:15:00,007 INFO::BRCAST::(correct "KTXZA00BG9O2FK8ZWEJN" (0 0 0 0 0))
2016-08-31 22:15:00,506 INFO::BRCAST::(tick 10)
2016-08-31 22:15:00,507 DEBUG::RCVD::(guesses ("iziåzvld" "yrållnaxa" "ys" "oååv" "uo"))
2016-08-31 22:15:00,507 INFO::BRCAST::(correct "KTXZA00BG9O2FK8ZWEJN" (0 0 0 0 0))
2016-08-31 22:15:01,007 DEBUG::RCVD::(guesses ("swfqi" "dpaihgte" "aroihra" "ødzop" "rpicgvme"))
2016-08-31 22:15:01,007 INFO::BRCAST::(correct "KTXZA00BG9O2FK8ZWEJN" (0 0 0 0 0))
2016-08-31 22:15:01,506 INFO::BRCAST::(tick 9)
2016-08-31 22:15:01,509 DEBUG::RCVD::(guesses ("ntznv" "mdf" "jåuø" "anzø" "uvtssjjq"))
2016-08-31 22:15:01,510 INFO::BRCAST::(correct "KTXZA00BG9O2FK8ZWEJN" (0 0 0 0 0))
2016-08-31 22:15:02,007 DEBUG::RCVD::(guesses ("æåtz" "a" "lnq" "ladrbf" "øn"))
2016-08-31 22:15:02,007 INFO::BRCAST::(correct "KTXZA00BG9O2FK8ZWEJN" (0 0 0 0 0))
2016-08-31 22:15:02,505 INFO::BRCAST::(tick 8)
2016-08-31 22:15:02,507 DEBUG::RCVD::(guesses ("åødctnn" "rnoz" "rmdihoå" "omææh" "xbhflwgr"))
2016-08-31 22:15:02,507 INFO::BRCAST::(correct "KTXZA00BG9O2FK8ZWEJN" (0 0 0 0 0))
2016-08-31 22:15:03,007 DEBUG::RCVD::(guesses ("mgfsryj" "oæ" "j" "aucdæad" "f"))
2016-08-31 22:15:03,007 INFO::BRCAST::(correct "KTXZA00BG9O2FK8ZWEJN" (0 0 0 0 0))
2016-08-31 22:15:03,505 INFO::BRCAST::(tick 7)
2016-08-31 22:15:03,507 DEBUG::RCVD::(guesses ("ui" "qzmxxbzæ" "e" "nlt" "ødmq"))
2016-08-31 22:15:03,507 INFO::BRCAST::(correct "KTXZA00BG9O2FK8ZWEJN" (0 0 0 0 0))
2016-08-31 22:15:04,007 DEBUG::RCVD::(guesses ("bhgqx" "fyå" "crnø" "wquuhfgfe" "u"))
2016-08-31 22:15:04,007 INFO::BRCAST::(correct "KTXZA00BG9O2FK8ZWEJN" (0 0 0 0 0))
2016-08-31 22:15:04,505 INFO::BRCAST::(tick 6)
2016-08-31 22:15:04,507 DEBUG::RCVD::(guesses ("øjuså" "p" "æ" "ædcobme" "øif"))
2016-08-31 22:15:04,507 INFO::BRCAST::(correct "KTXZA00BG9O2FK8ZWEJN" (0 0 0 0 0))
2016-08-31 22:15:05,007 DEBUG::RCVD::(guesses ("zxæt" "wiai" "cqfo" "mhkfckm" "lsr"))
2016-08-31 22:15:05,007 INFO::BRCAST::(correct "KTXZA00BG9O2FK8ZWEJN" (0 0 0 0 0))
2016-08-31 22:15:05,505 INFO::BRCAST::(tick 5)
2016-08-31 22:15:05,507 DEBUG::RCVD::(guesses ("a" "sh" "qdpm" "a" "mnit"))
2016-08-31 22:15:05,507 INFO::BRCAST::(correct "KTXZA00BG9O2FK8ZWEJN" (0 0 0 0 0))
2016-08-31 22:15:06,007 DEBUG::RCVD::(guesses ("lpiis" "zuqfcd" "wildsu" "dpyæeråne" "pø"))
2016-08-31 22:15:06,007 INFO::BRCAST::(correct "KTXZA00BG9O2FK8ZWEJN" (0 0 0 0 0))
2016-08-31 22:15:06,505 INFO::BRCAST::(tick 4)
2016-08-31 22:15:06,507 DEBUG::RCVD::(guesses ("w" "wåøphcå" "lvc" "pdplbjb" "ohejgv"))
2016-08-31 22:15:06,507 INFO::BRCAST::(correct "KTXZA00BG9O2FK8ZWEJN" (0 0 0 0 0))
2016-08-31 22:15:07,007 DEBUG::RCVD::(guesses ("kof" "ugdeh" "førrguio" "hc" "cæææfdwtp"))
2016-08-31 22:15:07,007 INFO::BRCAST::(correct "KTXZA00BG9O2FK8ZWEJN" (0 0 0 0 0))
2016-08-31 22:15:07,505 INFO::BRCAST::(tick 3)
2016-08-31 22:15:07,507 DEBUG::RCVD::(guesses ("kgfæsykup" "jloåd" "iycnvjxdt" "xnåouqhe" "yhdbæmemn"))
2016-08-31 22:15:07,507 INFO::BRCAST::(correct "KTXZA00BG9O2FK8ZWEJN" (0 0 0 0 0))
2016-08-31 22:15:08,007 DEBUG::RCVD::(guesses ("jfatbaf" "ddeætya" "olwkxvøcc" "åwm" "ødufc"))
2016-08-31 22:15:08,008 INFO::BRCAST::(correct "KTXZA00BG9O2FK8ZWEJN" (0 0 0 0 0))
2016-08-31 22:15:08,506 INFO::BRCAST::(tick 2)
2016-08-31 22:15:08,507 DEBUG::RCVD::(guesses ("doauhfæa" "kajdj" "rzno" "øgælæ" "ø"))
2016-08-31 22:15:08,507 INFO::BRCAST::(correct "KTXZA00BG9O2FK8ZWEJN" (0 0 0 0 0))
2016-08-31 22:15:09,007 DEBUG::RCVD::(guesses ("ørgfdqpqb" "sigvølhvs" "fbot" "r" "øøpgflnly"))
2016-08-31 22:15:09,008 INFO::BRCAST::(correct "KTXZA00BG9O2FK8ZWEJN" (0 0 0 0 0))
2016-08-31 22:15:09,506 INFO::BRCAST::(tick 1)
2016-08-31 22:15:09,507 DEBUG::RCVD::(guesses ("enflfpx" "oæ" "qpnutgg" "adp" "dpcjø"))
2016-08-31 22:15:09,508 INFO::BRCAST::(correct "KTXZA00BG9O2FK8ZWEJN" (0 0 0 0 0))
2016-08-31 22:15:10,007 DEBUG::RCVD::(guesses ("jo" "uvljxs" "xphyil" "jamrøct" "æ"))
2016-08-31 22:15:10,007 INFO::BRCAST::(correct "KTXZA00BG9O2FK8ZWEJN" (0 0 0 0 0))
2016-08-31 22:15:10,505 INFO::BRCAST::(tick 0)
2016-08-31 22:15:11,506 INFO::BRCAST::(guesses (("forsøgte" "pics/tried.jpg" "tried") ("bladene" "pics/leaf.jpg" "leaves") ("tvivlsom" "pics/hmm.jpg" "questionable") ("kornblomst" "pics/cornflower.jpg" "cornflower") ("forestille" "pics/imagine.jpg" "imagine")))
2016-08-31 22:15:11,507 INFO::BRCAST::(reset)
2016-08-31 22:15:15,510 INFO::BRCAST::(ready)
2016-08-31 22:15:15,510 INFO::BRCAST::(total_time 30)
2016-08-31 22:15:15,510 INFO::BRCAST::(players ("KTXZA00BG9O2FK8ZWEJN" "01UOLGECJY931R20Q4Q2"))
2016-08-31 22:15:15,511 INFO::BRCAST::(words (("why" "pics/why.png") ("least/slightest" "pics/least.jpg") ("believe" "pics/faith.jpg") ("rather" "pics/rather.jpg") ("cornflower" "pics/cornflower.jpg")))
2016-08-31 22:15:15,511 INFO::BRCAST::(tick 29)
2016-08-31 22:15:16,013 DEBUG::RCVD::(guesses ("z" "mindste" "wwmqowue" "øe" "kornblomst"))
2016-08-31 22:15:16,013 INFO::BRCAST::(correct "KTXZA00BG9O2FK8ZWEJN" (0 1 0 0 1))
2016-08-31 22:15:16,512 INFO::BRCAST::(tick 28)
2016-08-31 22:15:16,513 DEBUG::RCVD::(guesses ("yeepytwåm" "gckazaps" "zodxcøvøb" "hdbxnqtbb" "kornblomst"))
2016-08-31 22:15:16,513 INFO::BRCAST::(correct "KTXZA00BG9O2FK8ZWEJN" (0 0 0 0 1))
2016-08-31 22:15:17,013 DEBUG::RCVD::(guesses ("ø" "mindste" "åyzømpig" "snarere" "kornblomst"))
2016-08-31 22:15:17,013 INFO::BRCAST::(correct "KTXZA00BG9O2FK8ZWEJN" (0 1 0 1 1))
2016-08-31 22:15:17,512 INFO::BRCAST::(tick 27)
2016-08-31 22:15:17,513 DEBUG::RCVD::(guesses ("lyj" "mindste" "i" "ymmnlaobt" "kornblomst"))
2016-08-31 22:15:17,513 INFO::BRCAST::(correct "KTXZA00BG9O2FK8ZWEJN" (0 1 0 0 1))
2016-08-31 22:15:18,013 DEBUG::RCVD::(guesses ("lkgprxænd" "nøkvåsriu" "vit" "snarere" "kornblomst"))
2016-08-31 22:15:18,013 INFO::BRCAST::(correct "KTXZA00BG9O2FK8ZWEJN" (0 0 0 1 1))
2016-08-31 22:15:18,512 INFO::BRCAST::(tick 26)
2016-08-31 22:15:18,513 DEBUG::RCVD::(guesses ("trdåcaeøe" "øxak" "cchejo" "snarere" "ytaesq"))
2016-08-31 22:15:18,513 INFO::BRCAST::(correct "KTXZA00BG9O2FK8ZWEJN" (0 0 0 1 0))
2016-08-31 22:15:19,013 DEBUG::RCVD::(guesses ("tzrk" "zbæezyi" "mg" "dux" "kornblomst"))
2016-08-31 22:15:19,013 INFO::BRCAST::(correct "KTXZA00BG9O2FK8ZWEJN" (0 0 0 0 1))
2016-08-31 22:15:19,512 INFO::BRCAST::(tick 25)
2016-08-31 22:15:19,513 DEBUG::RCVD::(guesses ("avaåimm" "mindste" "wtåk" "snarere" "mg"))
2016-08-31 22:15:19,513 INFO::BRCAST::(correct "KTXZA00BG9O2FK8ZWEJN" (0 1 0 1 0))
2016-08-31 22:15:20,013 DEBUG::RCVD::(guesses ("jdnfoacd" "mindste" "pgrtfrkø" "øhkizg" "kornblomst"))
2016-08-31 22:15:20,013 INFO::BRCAST::(correct "KTXZA00BG9O2FK8ZWEJN" (0 1 0 0 1))
2016-08-31 22:15:20,512 INFO::BRCAST::(tick 24)
2016-08-31 22:15:20,513 DEBUG::RCVD::(guesses ("orø" "hctterw" "dik" "snarere" "kornblomst"))
2016-08-31 22:15:20,513 INFO::BRCAST::(correct "KTXZA00BG9O2FK8ZWEJN" (0 0 0 1 1))
2016-08-31 22:15:21,013 DEBUG::RCVD::(guesses ("hxavaøsæ" "mindste" "zmctkyq" "snarere" "kornblomst"))
2016-08-31 22:15:21,013 INFO::BRCAST::(correct "KTXZA00BG9O2FK8ZWEJN" (0 1 0 1 1))
2016-08-31 22:15:21,512 INFO::BRCAST::(tick 23)
2016-08-31 22:15:21,513 DEBUG::RCVD::(guesses ("ws" "mindste" "wmbxmms" "ezxq" "kornblomst"))
2016-08-31 22:15:21,513 INFO::BRCAST::(correct "KTXZA00BG9O2FK8ZWEJN" (0 1 0 0 1))
2016-08-31 22:15:22,013 DEBUG::RCVD::(guesses ("aixqdrnåæ" "hcbd" "fåeuntkay" "snarere" "swku"))
2016-08-31 22:15:22,013 INFO::BRCAST::(correct "KTXZA00BG9O2FK8ZWEJN" (0 0 0 1 0))
2016-08-31 22:15:22,512 INFO::BRCAST::(tick 22)
2016-08-31 22:15:22,513 DEBUG::RCVD::(guesses ("qbæxhjmr" "mindste" "mw" "bscyvm" "kornblomst"))
2016-08-31 22:15:22,513 INFO::BRCAST::(correct "KTXZA00BG9O2FK8ZWEJN" (0 1 0 0 1))
2016-08-31 22:15:23,013 DEBUG::RCVD::(guesses ("krxzp" "mindste" "hyzøl" "xt" "kornblomst"))
2016-08-31 22:15:23,013 INFO::BRCAST::(correct "KTXZA00BG9O2FK8ZWEJN" (0 1 0 0 1))
2016-08-31 22:15:23,511 INFO::BRCAST::(tick 21)
2016-08-31 22:15:23,513 DEBUG::RCVD::(guesses ("vyr" "rbuzngfpz" "jzøboa" "snarere" "uv"))
2016-08-31 22:15:23,513 INFO::BRCAST::(correct "KTXZA00BG9O2FK8ZWEJN" (0 0 0 1 0))
2016-08-31 22:15:24,013 DEBUG::RCVD::(guesses ("k" "mindste" "uk" "hgxffyrco" "kornblomst"))
2016-08-31 22:15:24,013 INFO::BRCAST::(correct "KTXZA00BG9O2FK8ZWEJN" (0 1 0 0 1))
2016-08-31 22:15:24,512 INFO::BRCAST::(tick 20)
2016-08-31 22:15:24,513 DEBUG::RCVD::(guesses ("indgdtup" "mindste" "m" "snarere" "kornblomst"))
2016-08-31 22:15:24,513 INFO::BRCAST::(correct "KTXZA00BG9O2FK8ZWEJN" (0 1 0 1 1))
2016-08-31 22:15:25,013 DEBUG::RCVD::(guesses ("mam" "mindste" "wuplz" "snarere" "kornblomst"))
2016-08-31 22:15:25,013 INFO::BRCAST::(correct "KTXZA00BG9O2FK8ZWEJN" (0 1 0 1 1))
2016-08-31 22:15:25,512 INFO::BRCAST::(tick 19)
2016-08-31 22:15:25,513 DEBUG::RCVD::(guesses ("jegbh" "wæå" "c" "yxgdusgls" "i"))
2016-08-31 22:15:25,513 INFO::BRCAST::(correct "KTXZA00BG9O2FK8ZWEJN" (0 0 0 0 0))
2016-08-31 22:15:26,013 DEBUG::RCVD::(guesses ("yåf" "spx" "hwcdwæuj" "pxz" "kornblomst"))
2016-08-31 22:15:26,013 INFO::BRCAST::(correct "KTXZA00BG9O2FK8ZWEJN" (0 0 0 0 1))
2016-08-31 22:15:26,512 INFO::BRCAST::(tick 18)
2016-08-31 22:15:26,513 DEBUG::RCVD::(guesses ("tdzq" "mindste" "gtuchøyw" "c" "kornblomst"))
2016-08-31 22:15:26,513 INFO::BRCAST::(correct "KTXZA00BG9O2FK8ZWEJN" (0 1 0 0 1))
2016-08-31 22:15:27,013 DEBUG::RCVD::(guesses ("øuwzrp" "xhyørk" "ednt" "ås" "wjæwg"))
2016-08-31 22:15:27,013 INFO::BRCAST::(correct "KTXZA00BG9O2FK8ZWEJN" (0 0 0 0 0))
2016-08-31 22:15:27,512 INFO::BRCAST::(tick 17)
2016-08-31 22:15:27,513 DEBUG::RCVD::(guesses ("t" "mindste" "mmsw" "snarere" "kornblomst"))
2016-08-31 22:15:27,513 INFO::BRCAST::(correct "KTXZA00BG9O2FK8ZWEJN" (0 1 0 1 1))
2016-08-31 22:15:28,013 DEBUG::RCVD::(guesses ("swfrxaiog" "mindste" "raefcux" "gokieb" "ujæræåvæø"))
2016-08-31 22:15:28,013 INFO::BRCAST::(correct "KTXZA00BG9O2FK8ZWEJN" (0 1 0 0 0))
2016-08-31 22:15:28,060 DEBUG::RCVD::(guesses ("hvofor" "mindste" "tro" "snarere" "kornblomst"))
2016-08-31 22:15:28,060 INFO::BRCAST::(winner "01UOLGECJY931R20Q4Q2")
2016-08-31 22:15:28,060 INFO::BRCAST::(guesses (("hvofor" "pics/why.png" "why") ("mindste" "pics/least.jpg" "least/slightest") ("tro" "pics/faith.jpg" "believe") ("snarere" "pics/rather.jpg" "rather") ("kornblomst" "pics/cornflower.jpg" "cornflower")))
2016-08-31 22:15:28,061 INFO::BRCAST::(reset)
2016-08-31 22:15:32,063 INFO::BRCAST::(ready)
2016-08-31 22:15:32,063 INFO::BRCAST::(total_time 30)
2016-08-31 22:15:32,063 INFO::BRCAST::(players ("KTXZA00BG9O2FK8ZWEJN" "01UOLGECJY931R20Q4Q2"))
2016-08-31 22:15:32,064 INFO::BRCAST::(words (("imagine" "pics/imagine.jpg") ("occurred" "pics/occured.jpg") ("mighty" "pics/mighty.jpg") ("himself" "pics/himself.jpg") ("twins" "pics/twin.jpg")))
2016-08-31 22:15:32,064 INFO::BRCAST::(tick 29)
2016-08-31 22:15:32,066 DEBUG::RCVD::(guesses ("hg" "xåmkpt" "åa" "natåvpat" "w"))
2016-08-31 22:15:32,066 INFO::BRCAST::(correct "KTXZA00BG9O2FK8ZWEJN" (0 0 0 0 0))
2016-08-31 22:15:32,566 DEBUG::RCVD::(guesses ("forestille" "uouæzeo" "fåtwg" "osro" "da"))
2016-08-31 22:15:32,566 INFO::BRCAST::(correct "KTXZA00BG9O2FK8ZWEJN" (1 0 0 0 0))
2016-08-31 22:15:33,064 INFO::BRCAST::(tick 28)
2016-08-31 22:15:33,066 DEBUG::RCVD::(guesses ("forestille" "opstod" "fla" "iøpzågmq" "wids"))
2016-08-31 22:15:33,066 INFO::BRCAST::(correct "KTXZA00BG9O2FK8ZWEJN" (1 1 0 0 0))
2016-08-31 22:15:33,566 DEBUG::RCVD::(guesses ("kgåå" "opstod" "kg" "bukdxoæ" "eghxen"))
2016-08-31 22:15:33,566 INFO::BRCAST::(correct "KTXZA00BG9O2FK8ZWEJN" (0 1 0 0 0))
2016-08-31 22:15:34,064 INFO::BRCAST::(tick 27)
2016-08-31 22:15:34,066 DEBUG::RCVD::(guesses ("ræjuslams" "opstod" "vtgwvaeaa" "gkon" "ojnvayqk"))
2016-08-31 22:15:34,066 INFO::BRCAST::(correct "KTXZA00BG9O2FK8ZWEJN" (0 1 0 0 0))
2016-08-31 22:15:34,566 DEBUG::RCVD::(guesses ("forestille" "uåhzh" "bøåcajfæ" "xrolddi" "låpå"))
2016-08-31 22:15:34,566 INFO::BRCAST::(correct "KTXZA00BG9O2FK8ZWEJN" (1 0 0 0 0))
2016-08-31 22:15:35,064 INFO::BRCAST::(tick 26)
2016-08-31 22:15:35,067 DEBUG::RCVD::(guesses ("forestille" "båhdugæ" "ddpuph" "fpjxzkgx" "tljyr"))
2016-08-31 22:15:35,067 INFO::BRCAST::(correct "KTXZA00BG9O2FK8ZWEJN" (1 0 0 0 0))
2016-08-31 22:15:35,566 DEBUG::RCVD::(guesses ("forestille" "opstod" "nm" "lkzg" "cwz"))
2016-08-31 22:15:35,566 INFO::BRCAST::(correct "KTXZA00BG9O2FK8ZWEJN" (1 1 0 0 0))
2016-08-31 22:15:36,064 INFO::BRCAST::(tick 25)
2016-08-31 22:15:36,066 DEBUG::RCVD::(guesses ("kjlzytuci" "pænm" "z" "mbdwlye" "fnalbxk"))
2016-08-31 22:15:36,066 INFO::BRCAST::(correct "KTXZA00BG9O2FK8ZWEJN" (0 0 0 0 0))
2016-08-31 22:15:36,566 DEBUG::RCVD::(guesses ("qgn" "opstod" "lwnzgdwn" "æsnijidev" "me"))
2016-08-31 22:15:36,566 INFO::BRCAST::(correct "KTXZA00BG9O2FK8ZWEJN" (0 1 0 0 0))
2016-08-31 22:15:37,064 INFO::BRCAST::(tick 24)
2016-08-31 22:15:37,066 DEBUG::RCVD::(guesses ("forestille" "opstod" "pkaf" "em" "y"))
2016-08-31 22:15:37,066 INFO::BRCAST::(correct "KTXZA00BG9O2FK8ZWEJN" (1 1 0 0 0))
2016-08-31 22:15:37,566 DEBUG::RCVD::(guesses ("vmsjsøvøw" "opstod" "whrpt" "fywlfi" "t"))
2016-08-31 22:15:37,566 INFO::BRCAST::(correct "KTXZA00BG9O2FK8ZWEJN" (0 1 0 0 0))
2016-08-31 22:15:38,064 INFO::BRCAST::(tick 23)
2016-08-31 22:15:38,066 DEBUG::RCVD::(guesses ("forestille" "zmåægcao" "wwx" "acqe" "æbdsdifk"))
2016-08-31 22:15:38,066 INFO::BRCAST::(correct "KTXZA00BG9O2FK8ZWEJN" (1 0 0 0 0))
2016-08-31 22:15:38,566 DEBUG::RCVD::(guesses ("forestille" "opstod" "s" "øqqxrizj" "q"))
2016-08-31 22:15:38,566 INFO::BRCAST::(correct "KTXZA00BG9O2FK8ZWEJN" (1 1 0 0 0))
2016-08-31 22:15:39,064 INFO::BRCAST::(tick 22)
2016-08-31 22:15:39,066 DEBUG::RCVD::(guesses ("forestille" "opstod" "nzonacøbi" "wx" "øky"))
2016-08-31 22:15:39,066 INFO::BRCAST::(correct "KTXZA00BG9O2FK8ZWEJN" (1 1 0 0 0))
2016-08-31 22:15:39,566 DEBUG::RCVD::(guesses ("forestille" "opstod" "x" "twl" "æb"))
2016-08-31 22:15:39,566 INFO::BRCAST::(correct "KTXZA00BG9O2FK8ZWEJN" (1 1 0 0 0))
2016-08-31 22:15:40,064 INFO::BRCAST::(tick 21)
2016-08-31 22:15:40,066 DEBUG::RCVD::(guesses ("forestille" "opstod" "b" "biewnøoø" "fzyætpui"))
2016-08-31 22:15:40,066 INFO::BRCAST::(correct "KTXZA00BG9O2FK8ZWEJN" (1 1 0 0 0))
2016-08-31 22:15:40,566 DEBUG::RCVD::(guesses ("forestille" "gdgt" "oy" "cofq" "cqvjadæj"))
2016-08-31 22:15:40,566 INFO::BRCAST::(correct "KTXZA00BG9O2FK8ZWEJN" (1 0 0 0 0))
2016-08-31 22:15:41,065 INFO::BRCAST::(tick 20)
2016-08-31 22:15:41,066 DEBUG::RCVD::(guesses ("forestille" "opstod" "ug" "mrfymvhpi" "pgrdnåvk"))
2016-08-31 22:15:41,066 INFO::BRCAST::(correct "KTXZA00BG9O2FK8ZWEJN" (1 1 0 0 0))
2016-08-31 22:15:41,566 DEBUG::RCVD::(guesses ("forestille" "opstod" "qlhhm" "mt" "xqbdhlij"))
2016-08-31 22:15:41,566 INFO::BRCAST::(correct "KTXZA00BG9O2FK8ZWEJN" (1 1 0 0 0))
2016-08-31 22:15:41,749 INFO::BRCAST::(disconnected "KTXZA00BG9O2FK8ZWEJN")
2016-08-31 22:15:41,749 INFO::BRCAST::(reset)
