2016-09-15 22:03:33,042 DEBUG::RCVD::(ready)
2016-09-15 22:03:40,234 DEBUG::RCVD::(ready)
2016-09-15 22:03:40,234 INFO::BRCAST::(ready)
2016-09-15 22:03:40,234 INFO::BRCAST::(total_time 30)
2016-09-15 22:03:40,234 INFO::BRCAST::(players ("XE663EPPTF1CFTMRUJDU" "CBCSPS0L4FLZ4611SWN0"))
2016-09-15 22:03:40,235 INFO::BRCAST::(words (("felt/thought" "pics/think.jpg") ("declared" "pics/declared.jpg") ("grown/cultivated" "pics/cult.jpg") ("former" "pics/former.png") ("gathered" "pics/gathered.jpg")))
2016-09-15 22:03:40,235 INFO::BRCAST::(tick 29)
2016-09-15 22:03:40,237 DEBUG::RCVD::(guesses ("å" "kåxukww" "lgd" "ga" "jåzedpn"))
2016-09-15 22:03:40,237 INFO::BRCAST::(correct "XE663EPPTF1CFTMRUJDU" (0 0 0 0 0))
2016-09-15 22:03:40,737 DEBUG::RCVD::(guesses ("dælmdåkø" "acu" "å" "xwu" "qxkusæe"))
2016-09-15 22:03:40,737 INFO::BRCAST::(correct "XE663EPPTF1CFTMRUJDU" (0 0 0 0 0))
2016-09-15 22:03:41,235 INFO::BRCAST::(tick 28)
2016-09-15 22:03:41,237 DEBUG::RCVD::(guesses ("ntdøoidow" "tyu" "yaååøræpå" "wf" "zr"))
2016-09-15 22:03:41,237 INFO::BRCAST::(correct "XE663EPPTF1CFTMRUJDU" (0 0 0 0 0))
2016-09-15 22:03:41,737 DEBUG::RCVD::(guesses ("slium" "gtøqo" "ågcxg" "efbø" "finox"))
2016-09-15 22:03:41,737 INFO::BRCAST::(correct "XE663EPPTF1CFTMRUJDU" (0 0 0 0 0))
2016-09-15 22:03:42,235 INFO::BRCAST::(tick 27)
2016-09-15 22:03:42,237 DEBUG::RCVD::(guesses ("cø" "vjn" "xexirceå" "ad" "vcsiiåj"))
2016-09-15 22:03:42,237 INFO::BRCAST::(correct "XE663EPPTF1CFTMRUJDU" (0 0 0 0 0))
2016-09-15 22:03:42,737 DEBUG::RCVD::(guesses ("cezaoj" "nuuc" "szzuåågs" "qåo" "åpk"))
2016-09-15 22:03:42,737 INFO::BRCAST::(correct "XE663EPPTF1CFTMRUJDU" (0 0 0 0 0))
2016-09-15 22:03:43,235 INFO::BRCAST::(tick 26)
2016-09-15 22:03:43,237 DEBUG::RCVD::(guesses ("neawå" "atdilmrsk" "vfvyæ" "fnbyhwwe" "pyøæmdel"))
2016-09-15 22:03:43,237 INFO::BRCAST::(correct "XE663EPPTF1CFTMRUJDU" (0 0 0 0 0))
2016-09-15 22:03:43,260 INFO::BRCAST::(disconnected "CBCSPS0L4FLZ4611SWN0")
2016-09-15 22:03:43,260 INFO::BRCAST::(reset)
2016-09-15 22:03:44,140 INFO::BRCAST::(disconnected "XE663EPPTF1CFTMRUJDU")
2016-09-15 22:03:44,140 INFO::BRCAST::(reset)
