2016-09-12 23:31:30,446 DEBUG::RCVD::(ready)
2016-09-12 23:31:31,793 DEBUG::RCVD::(ready)
2016-09-12 23:31:31,793 INFO::BRCAST::(ready)
2016-09-12 23:31:31,793 INFO::BRCAST::(total_time 2)
2016-09-12 23:31:31,793 INFO::BRCAST::(players ("2ZVWM27NR4K29H7ERI5N" "FK4OBW68627DUE5GOBK6"))
2016-09-12 23:31:31,794 INFO::BRCAST::(words (("total" "pics/total.jpg") ("independence" "pics/indep.jpg") ("surface" "pics/surface.jpg") ("each" "pics/each.jpg") ("connection" "pics/conn.jpg")))
2016-09-12 23:31:31,794 INFO::BRCAST::(tick 1)
2016-09-12 23:31:31,796 DEBUG::RCVD::(guesses ("zpuiyvhc" "qp" "ck" "gsveæq" "soørjxa"))
2016-09-12 23:31:31,796 INFO::BRCAST::(correct "2ZVWM27NR4K29H7ERI5N" (0 0 0 0 0))
2016-09-12 23:31:32,296 DEBUG::RCVD::(guesses ("f" "låæ" "gcgofs" "dckjcgjd" "jwo"))
2016-09-12 23:31:32,296 INFO::BRCAST::(correct "2ZVWM27NR4K29H7ERI5N" (0 0 0 0 0))
2016-09-12 23:31:32,794 INFO::BRCAST::(tick 0)
2016-09-12 23:31:33,795 INFO::BRCAST::(guesses (("samlede" "pics/total.jpg" "total") ("uafhængighed" "pics/indep.jpg" "independence") ("overflade" "pics/surface.jpg" "surface") ("hver" "pics/each.jpg" "each") ("forbindelse" "pics/conn.jpg" "connection")))
2016-09-12 23:31:33,796 INFO::BRCAST::(reset)
2016-09-12 23:31:37,798 INFO::BRCAST::(ready)
2016-09-12 23:31:37,798 INFO::BRCAST::(total_time 2)
2016-09-12 23:31:37,798 INFO::BRCAST::(players ("2ZVWM27NR4K29H7ERI5N" "FK4OBW68627DUE5GOBK6"))
2016-09-12 23:31:37,799 INFO::BRCAST::(words (("tubular" "pics/tube.jpg") ("occurs" "pics/occur.jpg") ("declared" "pics/declared.jpg") ("artificial" "pics/hal.jpg") ("grown/cultivated" "pics/cult.jpg")))
2016-09-12 23:31:37,799 INFO::BRCAST::(tick 1)
2016-09-12 23:31:38,301 DEBUG::RCVD::(guesses ("jrtfså" "gonøjrs" "uøohj" "r" "e"))
2016-09-12 23:31:38,301 INFO::BRCAST::(correct "2ZVWM27NR4K29H7ERI5N" (0 0 0 0 0))
2016-09-12 23:31:38,799 INFO::BRCAST::(tick 0)
2016-09-12 23:31:39,800 INFO::BRCAST::(guesses (("rørformede" "pics/tube.jpg" "tubular") ("opstår" "pics/occur.jpg" "occurs") ("erklærede" "pics/declared.jpg" "declared") ("kunstig" "pics/hal.jpg" "artificial") ("dyrkes" "pics/cult.jpg" "grown/cultivated")))
2016-09-12 23:31:39,801 INFO::BRCAST::(reset)
2016-09-12 23:31:43,801 INFO::BRCAST::(ready)
2016-09-12 23:31:43,801 INFO::BRCAST::(total_time 2)
2016-09-12 23:31:43,801 INFO::BRCAST::(players ("2ZVWM27NR4K29H7ERI5N" "FK4OBW68627DUE5GOBK6"))
2016-09-12 23:31:43,802 INFO::BRCAST::(words (("despite" "pics/despite.jpg") ("herb" "pics/herb.jpg") ("both" "pics/both.jpg") ("proposal/s" "pics/prop.jpg") ("occurs" "pics/occur.jpg")))
2016-09-12 23:31:43,802 INFO::BRCAST::(tick 1)
2016-09-12 23:31:44,304 DEBUG::RCVD::(guesses ("qvøbak" "p" "sebæ" "jnoxwlhz" "safx"))
2016-09-12 23:31:44,304 INFO::BRCAST::(correct "2ZVWM27NR4K29H7ERI5N" (0 0 0 0 0))
2016-09-12 23:31:44,802 INFO::BRCAST::(tick 0)
2016-09-12 23:31:45,803 INFO::BRCAST::(guesses (("trods" "pics/despite.jpg" "despite") ("urt" "pics/herb.jpg" "herb") ("både" "pics/both.jpg" "both") ("forslag" "pics/prop.jpg" "proposal/s") ("opstår" "pics/occur.jpg" "occurs")))
2016-09-12 23:31:45,804 INFO::BRCAST::(reset)
2016-09-12 23:31:49,808 INFO::BRCAST::(ready)
2016-09-12 23:31:49,808 INFO::BRCAST::(total_time 2)
2016-09-12 23:31:49,808 INFO::BRCAST::(players ("2ZVWM27NR4K29H7ERI5N" "FK4OBW68627DUE5GOBK6"))
2016-09-12 23:31:49,809 INFO::BRCAST::(words (("flatlands" "pics/flat.jpg") ("average" "pics/aver.jpg") ("branched" "pics/bran.jpg") ("despite" "pics/despite.jpg") ("wrinkled" "pics/wrink.jpg")))
2016-09-12 23:31:49,810 INFO::BRCAST::(tick 1)
2016-09-12 23:31:50,311 DEBUG::RCVD::(guesses ("pvxyqxsqx" "ubtt" "jhæætdjom" "trods" "o"))
2016-09-12 23:31:50,312 INFO::BRCAST::(correct "2ZVWM27NR4K29H7ERI5N" (0 0 0 1 0))
2016-09-12 23:31:50,810 INFO::BRCAST::(tick 0)
2016-09-12 23:31:51,810 INFO::BRCAST::(guesses (("flade sletter" "pics/flat.jpg" "flatlands") ("gennemsnit" "pics/aver.jpg" "average") ("forgrenede" "pics/bran.jpg" "branched") ("trods" "pics/despite.jpg" "despite") ("furede" "pics/wrink.jpg" "wrinkled")))
2016-09-12 23:31:51,811 INFO::BRCAST::(reset)
2016-09-12 23:31:55,814 INFO::BRCAST::(ready)
2016-09-12 23:31:55,815 INFO::BRCAST::(total_time 2)
2016-09-12 23:31:55,815 INFO::BRCAST::(players ("2ZVWM27NR4K29H7ERI5N" "FK4OBW68627DUE5GOBK6"))
2016-09-12 23:31:55,815 INFO::BRCAST::(words (("surface" "pics/surface.jpg") ("overall" "pics/overall.jpg") ("total" "pics/total.jpg") ("attack" "pics/attack.jpg") ("interrupted" "pics/interrupt.jpg")))
2016-09-12 23:31:55,816 INFO::BRCAST::(tick 1)
2016-09-12 23:31:56,317 DEBUG::RCVD::(guesses ("overflade" "okvrcæwg" "åwq" "ky" "åæ"))
2016-09-12 23:31:56,317 INFO::BRCAST::(correct "2ZVWM27NR4K29H7ERI5N" (1 0 0 0 0))
2016-09-12 23:31:56,816 INFO::BRCAST::(tick 0)
2016-09-12 23:31:56,817 DEBUG::RCVD::(guesses ("overflade" "xø" "samlede" "zr" "ixo"))
2016-09-12 23:31:56,817 INFO::BRCAST::(correct "2ZVWM27NR4K29H7ERI5N" (1 0 1 0 0))
2016-09-12 23:31:57,816 INFO::BRCAST::(guesses (("overflade" "pics/surface.jpg" "surface") ("samlede" "pics/overall.jpg" "overall") ("samlede" "pics/total.jpg" "total") ("angreb" "pics/attack.jpg" "attack") ("forstyrret" "pics/interrupt.jpg" "interrupted")))
2016-09-12 23:31:57,817 INFO::BRCAST::(reset)
2016-09-12 23:32:01,820 INFO::BRCAST::(ready)
2016-09-12 23:32:01,821 INFO::BRCAST::(total_time 2)
2016-09-12 23:32:01,821 INFO::BRCAST::(players ("2ZVWM27NR4K29H7ERI5N" "FK4OBW68627DUE5GOBK6"))
2016-09-12 23:32:01,822 INFO::BRCAST::(words (("redirected" "pics/redir.jpg") ("flatlands" "pics/flat.jpg") ("tubular" "pics/tube.jpg") ("herb" "pics/herb.jpg") ("multiannual" "pics/multianni.jpg")))
2016-09-12 23:32:01,822 INFO::BRCAST::(tick 1)
2016-09-12 23:32:02,324 DEBUG::RCVD::(guesses ("lmlkqøpmj" "flade sletter" "rørformede" "urt" "emqå"))
2016-09-12 23:32:02,324 INFO::BRCAST::(correct "2ZVWM27NR4K29H7ERI5N" (0 1 1 1 0))
2016-09-12 23:32:02,822 INFO::BRCAST::(tick 0)
2016-09-12 23:32:03,823 INFO::BRCAST::(guesses (("omdirigeres" "pics/redir.jpg" "redirected") ("flade sletter" "pics/flat.jpg" "flatlands") ("rørformede" "pics/tube.jpg" "tubular") ("urt" "pics/herb.jpg" "herb") ("flerårig" "pics/multianni.jpg" "multiannual")))
2016-09-12 23:32:03,823 INFO::BRCAST::(reset)
2016-09-12 23:32:07,824 INFO::BRCAST::(ready)
2016-09-12 23:32:07,824 INFO::BRCAST::(total_time 2)
2016-09-12 23:32:07,824 INFO::BRCAST::(players ("2ZVWM27NR4K29H7ERI5N" "FK4OBW68627DUE5GOBK6"))
2016-09-12 23:32:07,825 INFO::BRCAST::(words (("felt/thought" "pics/think.jpg") ("connection" "pics/conn.jpg") ("total" "pics/total.jpg") ("flatlands" "pics/flat.jpg") ("independence" "pics/indep.jpg")))
2016-09-12 23:32:07,825 INFO::BRCAST::(tick 1)
2016-09-12 23:32:08,326 DEBUG::RCVD::(guesses ("s" "lløaår" "rb" "flade sletter" "æyøxærcad"))
2016-09-12 23:32:08,327 INFO::BRCAST::(correct "2ZVWM27NR4K29H7ERI5N" (0 0 0 1 0))
2016-09-12 23:32:08,825 INFO::BRCAST::(tick 0)
2016-09-12 23:32:09,826 INFO::BRCAST::(guesses (("mente" "pics/think.jpg" "felt/thought") ("forbindelse" "pics/conn.jpg" "connection") ("samlede" "pics/total.jpg" "total") ("flade sletter" "pics/flat.jpg" "flatlands") ("uafhængighed" "pics/indep.jpg" "independence")))
2016-09-12 23:32:09,827 INFO::BRCAST::(reset)
2016-09-12 23:32:13,830 INFO::BRCAST::(ready)
2016-09-12 23:32:13,831 INFO::BRCAST::(total_time 2)
2016-09-12 23:32:13,831 INFO::BRCAST::(players ("2ZVWM27NR4K29H7ERI5N" "FK4OBW68627DUE5GOBK6"))
2016-09-12 23:32:13,831 INFO::BRCAST::(words (("tubular" "pics/tube.jpg") ("length" "pics/len.jpg") ("growth" "pics/growth.jpg") ("declared" "pics/declared.jpg") ("each" "pics/each.jpg")))
2016-09-12 23:32:13,832 INFO::BRCAST::(tick 1)
2016-09-12 23:32:14,334 DEBUG::RCVD::(guesses ("rørformede" "afæoqølh" "qjt" "erklærede" "hver"))
2016-09-12 23:32:14,334 INFO::BRCAST::(correct "2ZVWM27NR4K29H7ERI5N" (1 0 0 1 1))
2016-09-12 23:32:14,832 INFO::BRCAST::(tick 0)
2016-09-12 23:32:15,832 INFO::BRCAST::(guesses (("rørformede" "pics/tube.jpg" "tubular") ("længde" "pics/len.jpg" "length") ("vækst" "pics/growth.jpg" "growth") ("erklærede" "pics/declared.jpg" "declared") ("hver" "pics/each.jpg" "each")))
2016-09-12 23:32:15,833 INFO::BRCAST::(reset)
2016-09-12 23:32:19,836 INFO::BRCAST::(ready)
2016-09-12 23:32:19,836 INFO::BRCAST::(total_time 2)
2016-09-12 23:32:19,836 INFO::BRCAST::(players ("2ZVWM27NR4K29H7ERI5N" "FK4OBW68627DUE5GOBK6"))
2016-09-12 23:32:19,837 INFO::BRCAST::(words (("despite" "pics/despite.jpg") ("branched" "pics/bran.jpg") ("grown/cultivated" "pics/cult.jpg") ("length" "pics/len.jpg") ("declared" "pics/declared.jpg")))
2016-09-12 23:32:19,837 INFO::BRCAST::(tick 1)
2016-09-12 23:32:20,338 DEBUG::RCVD::(guesses ("trods" "forgrenede" "dyrkes" "længde" "vwr"))
2016-09-12 23:32:20,339 INFO::BRCAST::(correct "2ZVWM27NR4K29H7ERI5N" (1 1 1 1 0))
2016-09-12 23:32:20,837 INFO::BRCAST::(tick 0)
2016-09-12 23:32:21,838 INFO::BRCAST::(guesses (("trods" "pics/despite.jpg" "despite") ("forgrenede" "pics/bran.jpg" "branched") ("dyrkes" "pics/cult.jpg" "grown/cultivated") ("længde" "pics/len.jpg" "length") ("erklærede" "pics/declared.jpg" "declared")))
2016-09-12 23:32:21,839 INFO::BRCAST::(reset)
2016-09-12 23:32:25,843 INFO::BRCAST::(ready)
2016-09-12 23:32:25,843 INFO::BRCAST::(total_time 2)
2016-09-12 23:32:25,844 INFO::BRCAST::(players ("2ZVWM27NR4K29H7ERI5N" "FK4OBW68627DUE5GOBK6"))
2016-09-12 23:32:25,844 INFO::BRCAST::(words (("interrupted" "pics/interrupt.jpg") ("declared" "pics/declared.jpg") ("attack" "pics/attack.jpg") ("proposal/s" "pics/prop.jpg") ("redirected" "pics/redir.jpg")))
2016-09-12 23:32:25,845 INFO::BRCAST::(tick 1)
2016-09-12 23:32:26,346 DEBUG::RCVD::(guesses ("forstyrret" "c" "nqæøvåg" "tiwd" "omdirigeres"))
2016-09-12 23:32:26,346 INFO::BRCAST::(correct "2ZVWM27NR4K29H7ERI5N" (1 0 0 0 1))
2016-09-12 23:32:26,845 INFO::BRCAST::(tick 0)
2016-09-12 23:32:27,845 INFO::BRCAST::(guesses (("forstyrret" "pics/interrupt.jpg" "interrupted") ("erklærede" "pics/declared.jpg" "declared") ("angreb" "pics/attack.jpg" "attack") ("forslag" "pics/prop.jpg" "proposal/s") ("omdirigeres" "pics/redir.jpg" "redirected")))
2016-09-12 23:32:27,846 INFO::BRCAST::(reset)
2016-09-12 23:32:31,846 INFO::BRCAST::(ready)
2016-09-12 23:32:31,846 INFO::BRCAST::(total_time 2)
2016-09-12 23:32:31,847 INFO::BRCAST::(players ("2ZVWM27NR4K29H7ERI5N" "FK4OBW68627DUE5GOBK6"))
2016-09-12 23:32:31,847 INFO::BRCAST::(words (("gave up" "pics/giveup.png") ("independence" "pics/indep.jpg") ("total" "pics/total.jpg") ("tubular" "pics/tube.jpg") ("rough" "pics/rough.jpg")))
2016-09-12 23:32:31,847 INFO::BRCAST::(tick 1)
2016-09-12 23:32:32,349 DEBUG::RCVD::(guesses ("rcxæ" "uafhængighed" "samlede" "rørformede" "yødat"))
2016-09-12 23:32:32,349 INFO::BRCAST::(correct "2ZVWM27NR4K29H7ERI5N" (0 1 1 1 0))
2016-09-12 23:32:32,848 INFO::BRCAST::(tick 0)
2016-09-12 23:32:32,849 DEBUG::RCVD::(guesses ("yhbjylxzk" "uafhængighed" "ojfuøb" "rørformede" "åzghbøhfe"))
2016-09-12 23:32:32,849 INFO::BRCAST::(correct "2ZVWM27NR4K29H7ERI5N" (0 1 0 1 0))
2016-09-12 23:32:33,848 INFO::BRCAST::(guesses (("opgav" "pics/giveup.png" "gave up") ("uafhængighed" "pics/indep.jpg" "independence") ("samlede" "pics/total.jpg" "total") ("rørformede" "pics/tube.jpg" "tubular") ("ru" "pics/rough.jpg" "rough")))
2016-09-12 23:32:33,849 INFO::BRCAST::(reset)
2016-09-12 23:32:37,850 INFO::BRCAST::(ready)
2016-09-12 23:32:37,850 INFO::BRCAST::(total_time 2)
2016-09-12 23:32:37,850 INFO::BRCAST::(players ("2ZVWM27NR4K29H7ERI5N" "FK4OBW68627DUE5GOBK6"))
2016-09-12 23:32:37,851 INFO::BRCAST::(words (("average" "pics/aver.jpg") ("former" "pics/former.png") ("herb" "pics/herb.jpg") ("despite" "pics/despite.jpg") ("both" "pics/both.jpg")))
2016-09-12 23:32:37,851 INFO::BRCAST::(tick 1)
2016-09-12 23:32:37,896 INFO::BRCAST::(disconnected "FK4OBW68627DUE5GOBK6")
2016-09-12 23:32:37,896 INFO::BRCAST::(reset)
2016-09-12 23:32:41,371 INFO::BRCAST::(disconnected "2ZVWM27NR4K29H7ERI5N")
2016-09-12 23:32:41,371 INFO::BRCAST::(reset)
